<?xml version="1.0" encoding="utf-8"?><testsuites name="pytest tests"><testsuite name="pytest" errors="0" failures="0" skipped="0" tests="5" time="1.333" timestamp="2026-08-17T10:30:11.005543+00:00" hostname="agent-env-0783a599-4d63-4554-8910-cb7d66ba0f31"><testcase classname="tests.test_a4_4_document_ai.TestDocAIStatus" name="test_status_unavailable_meelora" time="0.601" /><testcase classname="tests.test_a4_4_document_ai.TestIsolation" name="test_unknown_company_denied" time="0.668" /><testcase classname="tests.test_a4_4_document_ai.TestManualFallback" name="test_full_invoice_flow" time="0.392" /><testcase classname="tests.test_a4_4_document_ai.TestIsolation" name="test_unknown_company_analyze_denied" time="0.066" /><testcase classname="tests.test_a4_4_document_ai.TestDocAIAnalyze" name="test_analyze_fail_closed_no_extraction" time="0.240" /></testsuite></testsuites>