<?xml version="1.0" encoding="utf-8"?><testsuites name="pytest tests"><testsuite name="pytest" errors="0" failures="1" skipped="0" tests="11" time="6.313" timestamp="2026-08-17T11:21:33.888117+00:00" hostname="agent-env-0783a599-4d63-4554-8910-cb7d66ba0f31"><testcase classname="tests.test_a4_5_purchase_orders.TestPOLifecycle" name="test_junior_create_submit" time="3.895" /><testcase classname="tests.test_a4_5_purchase_orders.TestPOLifecycle" name="test_junior_cannot_approve_own" time="0.062" /><testcase classname="tests.test_a4_5_purchase_orders.TestPOLifecycle" name="test_finance_approve_assigns_number" time="0.440" /><testcase classname="tests.test_a4_5_purchase_orders.TestPOLifecycle" name="test_finance_send" time="0.063" /><testcase classname="tests.test_a4_5_purchase_orders.TestMatching" name="test_partial_match" time="0.447" /><testcase classname="tests.test_a4_5_purchase_orders.TestMatching" name="test_over_invoicing_exception_and_override_refused" time="0.197" /><testcase classname="tests.test_a4_5_purchase_orders.TestMatching" name="test_explicit_close_and_no_auto" time="0.510" /><testcase classname="tests.test_a4_5_purchase_orders.TestCancelForbidden" name="test_cancel_blocked_when_linked" time="0.066" /><testcase classname="tests.test_a4_5_purchase_orders.TestSettings" name="test_presets_and_versioning" time="0.317" /><testcase classname="tests.test_a4_5_purchase_orders.TestIsolation" name="test_unknown_company_blocked" time="0.125" /><testcase classname="tests.test_a4_5_purchase_orders.TestNoPOLedger" name="test_no_journal_from_po" time="0.115"><failure message="AttributeError: 'list' object has no attribute 'get'">backend/tests/test_a4_5_purchase_orders.py:244: in test_no_journal_from_po
    n_before = len(before.get("entries") or before.get("journal_entries") or before if isinstance(before, list) else [])
                   ^^^^^^^^^^
E   AttributeError: 'list' object has no attribute 'get'</failure></testcase></testsuite></testsuites>