<?xml version="1.0" encoding="utf-8"?><testsuites name="pytest tests"><testsuite name="pytest" errors="0" failures="0" skipped="0" tests="9" time="7.013" timestamp="2026-08-17T12:29:27.993935+00:00" hostname="agent-env-0783a599-4d63-4554-8910-cb7d66ba0f31"><testcase classname="tests.test_a4_6_fx_revaluation.TestReconciliation" name="test_reconciled_ok" time="0.547" /><testcase classname="tests.test_a4_6_fx_revaluation.TestFunctionalOnlyCalculation" name="test_calc_no_positions_then_post_blocked" time="0.323" /><testcase classname="tests.test_a4_6_fx_revaluation.TestForeignCycle" name="test_full_cycle" time="3.572" /><testcase classname="tests.test_a4_6_fx_revaluation.TestForeignCycle" name="test_reversal_prepared_and_posted" time="0.126" /><testcase classname="tests.test_a4_6_fx_revaluation.TestForeignCycle" name="test_calculate_after_post_returns_already_posted" time="0.117" /><testcase classname="tests.test_a4_6_fx_revaluation.TestIdempotence" name="test_recalc_before_post_replaces_draft" time="0.536" /><testcase classname="tests.test_a4_6_fx_revaluation.TestPermissionSensitive" name="test_junior_cannot_post" time="0.327" /><testcase classname="tests.test_a4_6_fx_revaluation.TestRateFreshness" name="test_unavailable_rate_blocks_posting" time="1.300" /><testcase classname="tests.test_a4_6_fx_revaluation.TestLockedPeriod" name="test_calc_on_closed_period_fails" time="0.111" /></testsuite></testsuites>