<?xml version="1.0" encoding="utf-8"?><testsuites name="pytest tests"><testsuite name="pytest" errors="0" failures="0" skipped="0" tests="6" time="1.909" timestamp="2026-08-17T06:39:31.943953+00:00" hostname="agent-env-0783a599-4d63-4554-8910-cb7d66ba0f31"><testcase classname="tests.test_a4_1_suppliers" name="test_create_supplier_and_get_masks_bank" time="0.801" /><testcase classname="tests.test_a4_1_suppliers" name="test_create_supplier_missing_name" time="0.138" /><testcase classname="tests.test_a4_1_suppliers" name="test_patch_supplier" time="0.279" /><testcase classname="tests.test_a4_1_suppliers" name="test_finance_user_denied_on_other_company" time="0.232" /><testcase classname="tests.test_a4_1_suppliers" name="test_get_unknown_supplier_returns_404" time="0.106" /><testcase classname="tests.test_a4_1_suppliers" name="test_no_auth_rejected" time="0.248" /></testsuite></testsuites>