<?xml version="1.0" encoding="utf-8"?><testsuites name="pytest tests"><testsuite name="pytest" errors="0" failures="0" skipped="0" tests="13" time="5.073" timestamp="2026-08-17T07:00:09.475693+00:00" hostname="agent-env-0783a599-4d63-4554-8910-cb7d66ba0f31"><testcase classname="tests.test_a4_2_ap_invoices.TestCreate" name="test_create_chf_ok_with_due_date_from_supplier" time="0.859" /><testcase classname="tests.test_a4_2_ap_invoices.TestCreate" name="test_foreign_currency_without_fx_returns_422" time="0.148" /><testcase classname="tests.test_a4_2_ap_invoices.TestCreate" name="test_foreign_currency_with_manual_fx_ok" time="0.135" /><testcase classname="tests.test_a4_2_ap_invoices.TestPermissions" name="test_maker_cannot_approve_own_invoice" time="1.219" /><testcase classname="tests.test_a4_2_ap_invoices.TestWorkflow" name="test_verify_submit_ok" time="0.608" /><testcase classname="tests.test_a4_2_ap_invoices.TestPermissions" name="test_checker_without_perm_gets_403" time="0.573" /><testcase classname="tests.test_a4_2_ap_invoices.TestWorkflow" name="test_duplicate_blocks_submit" time="1.064" /><testcase classname="tests.test_a4_2_ap_invoices.TestPermissions" name="test_grant_and_approve_and_post" time="1.924" /><testcase classname="tests.test_a4_2_ap_invoices.TestPO" name="test_submit_po_missing_returns_409_and_marks_status" time="0.650" /><testcase classname="tests.test_a4_2_ap_invoices.TestPO" name="test_submit_with_po_provided_ok" time="0.430" /><testcase classname="tests.test_a4_2_ap_invoices.TestIsolation" name="test_unknown_invoice_id_returns_404" time="0.116" /><testcase classname="tests.test_a4_2_ap_invoices.TestIsolation" name="test_list_scoped" time="0.122" /><testcase classname="tests.test_a4_2_ap_invoices.TestAttachment" name="test_upload_pdf_on_draft" time="0.632" /></testsuite></testsuites>