<?xml version="1.0" encoding="utf-8"?><testsuites name="pytest tests"><testsuite name="pytest" errors="0" failures="0" skipped="0" tests="9" time="1.281" timestamp="2026-07-14T10:27:54.492976+00:00" hostname="agent-env-f176ff3a-4c15-48e3-bd8d-6ccded8e2b41"><testcase classname="tests.test_acct_module.TestAcctRoleGating" name="test_lock_requires_admin_unauth" time="0.007" /><testcase classname="tests.test_acct_module.TestAcctRoleGating" name="test_template_upload_requires_admin_unauth" time="0.237" /><testcase classname="tests.test_acct_module.TestAcctReadEndpoints" name="test_dashboard" time="0.292" /><testcase classname="tests.test_acct_module.TestAcctReadEndpoints" name="test_periods" time="0.236" /><testcase classname="tests.test_acct_module.TestAcctRoleGating" name="test_lock_unlock_flow" time="0.537" /><testcase classname="tests.test_acct_module.TestAcctReadEndpoints" name="test_template" time="0.047" /><testcase classname="tests.test_acct_module.TestAcctReadEndpoints" name="test_report_bilan" time="0.017" /><testcase classname="tests.test_acct_module.TestAcctReadEndpoints" name="test_report_pnl" time="0.024" /><testcase classname="tests.test_acct_module.TestAcctReadEndpoints" name="test_report_excel_download" time="0.117" /></testsuite></testsuites>