<?xml version="1.0" encoding="utf-8"?><testsuites name="pytest tests"><testsuite name="pytest" errors="0" failures="0" skipped="0" tests="13" time="3.047" timestamp="2026-07-31T07:41:01.671521+00:00" hostname="agent-env-f176ff3a-4c15-48e3-bd8d-6ccded8e2b41"><testcase classname="tests.test_external_send" name="test_catalog_has_6_keys" time="0.526" /><testcase classname="tests.test_external_send" name="test_desjardins_seeded" time="0.047" /><testcase classname="tests.test_external_send" name="test_margination_status_present_june_2026" time="0.047" /><testcase classname="tests.test_external_send" name="test_external_pdf_download[pnl_presentation]" time="0.103" /><testcase classname="tests.test_external_send" name="test_external_pdf_download[bilan_presentation]" time="0.066" /><testcase classname="tests.test_external_send" name="test_external_margination_download" time="0.077" /><testcase classname="tests.test_external_send" name="test_external_margination_missing_period_404" time="0.048" /><testcase classname="tests.test_external_send" name="test_email_endpoint_returns_400_when_not_configured" time="0.104" /><testcase classname="tests.test_external_send" name="test_create_contact_forbidden_for_editor" time="0.377" /><testcase classname="tests.test_external_send" name="test_create_contact_forbidden_for_user" time="0.349" /><testcase classname="tests.test_external_send" name="test_admin_crud_contact" time="0.287" /><testcase classname="tests.test_external_send" name="test_margination_upload_admin" time="0.532" /><testcase classname="tests.test_external_send" name="test_margination_upload_forbidden_editor" time="0.049" /></testsuite></testsuites>