<?xml version="1.0" encoding="utf-8"?><testsuites name="pytest tests"><testsuite name="pytest" errors="0" failures="0" skipped="0" tests="6" time="8.490" timestamp="2026-07-16T21:06:36.443532+00:00" hostname="agent-env-f176ff3a-4c15-48e3-bd8d-6ccded8e2b41"><testcase classname="tests.test_acct_ai.TestAIStatusConfig" name="test_status" time="0.686" /><testcase classname="tests.test_acct_ai.TestAIStatusConfig" name="test_config_admin_get" time="0.062" /><testcase classname="tests.test_acct_ai.TestAIVariance" name="test_variance" time="6.068" /><testcase classname="tests.test_acct_ai.TestAIAnomalies" name="test_anomalies" time="2.437" /><testcase classname="tests.test_acct_ai.TestAISuggestMapping" name="test_suggest_mapping" time="1.544" /><testcase classname="tests.test_acct_ai.TestAIChat" name="test_chat" time="1.702" /></testsuite></testsuites>