<?xml version="1.0" encoding="utf-8"?><testsuites name="pytest tests"><testsuite name="pytest" errors="0" failures="0" skipped="0" tests="21" time="2.359" timestamp="2026-07-11T20:46:00.772206+00:00" hostname="agent-env-f176ff3a-4c15-48e3-bd8d-6ccded8e2b41"><testcase classname="tests.test_admin_write_guard.TestUserReadsWork" name="test_get_ok[/api/employees]" time="0.616" /><testcase classname="tests.test_admin_write_guard.TestUserBlockedOnWrites" name="test_post_employees_blocked" time="0.693" /><testcase classname="tests.test_admin_write_guard.TestUserReadsWork" name="test_get_ok[/api/departments]" time="0.049" /><testcase classname="tests.test_admin_write_guard.TestUserReadsWork" name="test_get_ok[/api/hypotheses]" time="0.048" /><testcase classname="tests.test_admin_write_guard.TestUserBlockedOnWrites" name="test_put_employee_blocked" time="0.088" /><testcase classname="tests.test_admin_write_guard.TestUserReadsWork" name="test_get_ok[/api/years]" time="0.046" /><testcase classname="tests.test_admin_write_guard.TestUserReadsWork" name="test_get_ok[/api/me/preferences]" time="0.047" /><testcase classname="tests.test_admin_write_guard.TestUserBlockedOnWrites" name="test_delete_employee_blocked" time="0.088" /><testcase classname="tests.test_admin_write_guard.TestUserReadsWork" name="test_get_ok[/api/report-templates]" time="0.048" /><testcase classname="tests.test_admin_write_guard.TestUserBlockedOnWrites" name="test_post_employees_import_blocked" time="0.047" /><testcase classname="tests.test_admin_write_guard.TestUserBlockedOnWrites" name="test_post_departments_blocked" time="0.269" /><testcase classname="tests.test_admin_write_guard.TestAdminCanWrite" name="test_admin_put_hypotheses" time="0.425" /><testcase classname="tests.test_admin_write_guard.TestUserBlockedOnWrites" name="test_put_hypotheses_blocked" time="0.087" /><testcase classname="tests.test_admin_write_guard.TestUserBlockedOnWrites" name="test_post_budget_override_blocked" time="0.057" /><testcase classname="tests.test_admin_write_guard.TestAdminCanWrite" name="test_admin_create_and_delete_department" time="0.093" /><testcase classname="tests.test_admin_write_guard.TestUserBlockedOnWrites" name="test_post_years_blocked" time="0.099" /><testcase classname="tests.test_admin_write_guard.TestAdminCanWrite" name="test_admin_post_report_template_and_delete" time="0.110" /><testcase classname="tests.test_admin_write_guard.TestUserBlockedOnWrites" name="test_put_years_active_blocked" time="0.047" /><testcase classname="tests.test_admin_write_guard.TestUserBlockedOnWrites" name="test_post_report_templates_blocked" time="0.047" /><testcase classname="tests.test_admin_write_guard.TestUserAllowedExceptions" name="test_put_me_preferences_allowed" time="0.088" /><testcase classname="tests.test_admin_write_guard" name="test_cleanup_reset_prefs" time="0.101" /></testsuite></testsuites>