<?xml version="1.0" encoding="utf-8"?><testsuites name="pytest tests"><testsuite name="pytest" errors="0" failures="0" skipped="0" tests="4" time="2.152" timestamp="2026-07-16T11:23:32.597037+00:00" hostname="agent-env-f176ff3a-4c15-48e3-bd8d-6ccded8e2b41"><testcase classname="tests.test_acct_kpis_projections.TestAcctKpis" name="test_kpis_june_2026" time="0.782" /><testcase classname="tests.test_acct_kpis_projections.TestAcctProjections" name="test_projections_shape" time="1.712" /><testcase classname="tests.test_acct_kpis_projections.TestAcctKpis" name="test_kpis_aug_2025_inventory_na" time="0.177" /><testcase classname="tests.test_acct_kpis_projections.TestAcctKpis" name="test_kpis_unauthorized" time="0.135" /></testsuite></testsuites>