<?xml version="1.0" encoding="utf-8"?><testsuites name="pytest tests"><testsuite name="pytest" errors="0" failures="0" skipped="1" tests="39" time="3.721" timestamp="2026-07-11T21:00:45.443953+00:00" hostname="agent-env-f176ff3a-4c15-48e3-bd8d-6ccded8e2b41"><testcase classname="tests.test_role_matrix_editor" name="test_admin_get[/api/employees]" time="0.636" /><testcase classname="tests.test_role_matrix_editor.TestUserAllForbidden" name="test_viewer_mutations_403[POST-/api/employees-body0]" time="0.669" /><testcase classname="tests.test_role_matrix_editor" name="test_admin_get[/api/departments]" time="0.046" /><testcase classname="tests.test_role_matrix_editor.TestUserAllForbidden" name="test_viewer_mutations_403[POST-/api/departments-body1]" time="0.085" /><testcase classname="tests.test_role_matrix_editor" name="test_admin_get[/api/hypotheses]" time="0.051" /><testcase classname="tests.test_role_matrix_editor" name="test_admin_get[/api/report-templates]" time="0.058" /><testcase classname="tests.test_role_matrix_editor.TestUserAllForbidden" name="test_viewer_mutations_403[PUT-/api/hypotheses-body2]" time="0.045" /><testcase classname="tests.test_role_matrix_editor" name="test_admin_get[/api/years]" time="0.058" /><testcase classname="tests.test_role_matrix_editor.TestUserAllForbidden" name="test_viewer_mutations_403[POST-/api/budget/lock-body3]" time="0.088" /><testcase classname="tests.test_role_matrix_editor" name="test_admin_get[/api/me/preferences]" time="0.093" /><testcase classname="tests.test_role_matrix_editor.TestUserAllForbidden" name="test_viewer_mutations_403[POST-/api/budget/apply-augmentation-body4]" time="0.044" /><testcase classname="tests.test_role_matrix_editor.TestUserAllForbidden" name="test_viewer_mutations_403[POST-/api/report-templates-body5]" time="0.044" /><testcase classname="tests.test_role_matrix_editor.TestUserAllForbidden" name="test_viewer_mutations_403[POST-/api/users-body6]" time="0.053" /><testcase classname="tests.test_role_matrix_editor.TestUserAllForbidden" name="test_viewer_mutations_403[POST-/api/years-body7]" time="0.238" /><testcase classname="tests.test_role_matrix_editor.TestUserAllForbidden" name="test_viewer_preferences_allowed" time="0.048" /><testcase classname="tests.test_role_matrix_editor" name="test_editor_get[/api/employees]" time="0.399" /><testcase classname="tests.test_role_matrix_editor" name="test_editor_get[/api/departments]" time="0.051" /><testcase classname="tests.test_role_matrix_editor" name="test_editor_get[/api/hypotheses]" time="0.257" /><testcase classname="tests.test_role_matrix_editor" name="test_editor_get[/api/report-templates]" time="0.050" /><testcase classname="tests.test_role_matrix_editor" name="test_editor_get[/api/years]" time="0.048" /><testcase classname="tests.test_role_matrix_editor" name="test_editor_get[/api/me/preferences]" time="0.048" /><testcase classname="tests.test_role_matrix_editor.TestEditorForbidden" name="test_hypotheses_put_403" time="1.007" /><testcase classname="tests.test_role_matrix_editor" name="test_user_get[/api/employees]" time="0.559" /><testcase classname="tests.test_role_matrix_editor.TestEditorForbidden" name="test_budget_lock_403" time="0.049" /><testcase classname="tests.test_role_matrix_editor" name="test_user_get[/api/departments]" time="0.063" /><testcase classname="tests.test_role_matrix_editor.TestEditorForbidden" name="test_users_post_403" time="0.045" /><testcase classname="tests.test_role_matrix_editor.TestEditorForbidden" name="test_years_post_403" time="0.050" /><testcase classname="tests.test_role_matrix_editor" name="test_user_get[/api/hypotheses]" time="0.052" /><testcase classname="tests.test_role_matrix_editor.TestEditorForbidden" name="test_years_active_put_403" time="0.057" /><testcase classname="tests.test_role_matrix_editor" name="test_user_get[/api/report-templates]" time="0.095" /><testcase classname="tests.test_role_matrix_editor.TestEditorAllowedWrites" name="test_create_update_delete_employee" time="0.208" /><testcase classname="tests.test_role_matrix_editor" name="test_user_get[/api/years]" time="0.055" /><testcase classname="tests.test_role_matrix_editor" name="test_user_get[/api/me/preferences]" time="0.053" /><testcase classname="tests.test_role_matrix_editor.TestAdminWrites" name="test_admin_hypotheses_put" time="0.105" /><testcase classname="tests.test_role_matrix_editor.TestEditorAllowedWrites" name="test_create_update_delete_department" time="0.149" /><testcase classname="tests.test_role_matrix_editor.TestAdminWrites" name="test_admin_lock_unlock" time="0.053" /><testcase classname="tests.test_role_matrix_editor.TestEditorBudgetLineLockGating" name="test_editor_can_edit_unlocked_then_locked_blocked" time="0.177"><skipped type="pytest.skip" message="no budget lines endpoint: 404">/app/backend/tests/test_role_matrix_editor.py:188: no budget lines endpoint: 404</skipped></testcase><testcase classname="tests.test_role_matrix_editor.TestEditorAllowedWrites" name="test_apply_augmentation" time="0.084" /><testcase classname="tests.test_role_matrix_editor.TestEditorAllowedWrites" name="test_report_template_create_delete" time="0.147" /></testsuite></testsuites>