<?xml version="1.0" encoding="utf-8"?><testsuites name="pytest tests"><testsuite name="pytest" errors="0" failures="2" skipped="0" tests="13" time="5.108" timestamp="2026-08-15T22:54:57.806334+00:00" hostname="agent-env-0783a599-4d63-4554-8910-cb7d66ba0f31"><testcase classname="tests.test_iter63_navigation_v2" name="test_multi_sees_two_mandates" time="0.528" /><testcase classname="tests.test_iter63_navigation_v2" name="test_reporting_mono_mandate" time="0.497" /><testcase classname="tests.test_iter63_navigation_v2" name="test_clientadmin_visible" time="0.458" /><testcase classname="tests.test_iter63_navigation_v2" name="test_multi_navigation_CA_vs_CB_distinct" time="0.431" /><testcase classname="tests.test_iter63_navigation_v2" name="test_reporting_only_module" time="0.229" /><testcase classname="tests.test_iter63_navigation_v2" name="test_clientadmin_sees_all_five_admin_view" time="0.206" /><testcase classname="tests.test_iter63_navigation_v2" name="test_reporting_only_denied_budget_and_acct" time="0.215" /><testcase classname="tests.test_iter63_navigation_v2" name="test_budgets_only_allowed_budget_denied_acct" time="0.528" /><testcase classname="tests.test_iter63_navigation_v2" name="test_bogus_company_returns_404" time="0.100"><failure message="AssertionError: 200&#10;assert 200 == 404&#10; +  where 200 = &lt;Response [200]&gt;.status_code">tests/test_iter63_navigation_v2.py:109: in test_bogus_company_returns_404
    assert r.status_code == 404, r.status_code
E   AssertionError: 200
E   assert 200 == 404
E    +  where 200 = &lt;Response [200]&gt;.status_code</failure></testcase><testcase classname="tests.test_iter63_navigation_v2" name="test_no_access_company_returns_403_or_404" time="0.220"><failure message="AssertionError: (200, '{&quot;workspace_id&quot;:&quot;ws_56c492936ea64c4db53a2f14a0825ef5&quot;,&quot;company_id&quot;:&quot;58a59a28-4701-4ba5-8e2f-61ff76e0f2e9&quot;,&quot;admin_view&quot;:f')&#10;assert 200 in (403, 404)&#10; +  where 200 = &lt;Response [200]&gt;.status_code">tests/test_iter63_navigation_v2.py:115: in test_no_access_company_returns_403_or_404
    assert r.status_code in (403, 404), (r.status_code, r.text[:120])
E   AssertionError: (200, '{"workspace_id":"ws_56c492936ea64c4db53a2f14a0825ef5","company_id":"58a59a28-4701-4ba5-8e2f-61ff76e0f2e9","admin_view":f')
E   assert 200 in (403, 404)
E    +  where 200 = &lt;Response [200]&gt;.status_code</failure></testcase><testcase classname="tests.test_iter63_navigation_v2" name="test_admin_sees_all_companies_and_all_modules" time="0.633" /><testcase classname="tests.test_iter63_navigation_v2" name="test_admin_budget_and_acct_accessible" time="0.206" /><testcase classname="tests.test_iter63_navigation_v2" name="test_platform_bare_member_no_modules_and_denied_finance" time="0.769" /></testsuite></testsuites>