<?xml version="1.0" encoding="utf-8"?><testsuites name="pytest tests"><testsuite name="pytest" errors="0" failures="0" skipped="0" tests="13" time="3.731" timestamp="2026-07-14T09:05:53.013281+00:00" hostname="agent-env-f176ff3a-4c15-48e3-bd8d-6ccded8e2b41"><testcase classname="tests.test_iteration_18.TestYearLockGate" name="test_create_year_fails_when_source_not_fully_locked" time="1.501" /><testcase classname="tests.test_iteration_18.TestSalaryChangeDate" name="test_mid_year_blends_salary" time="0.136" /><testcase classname="tests.test_iteration_18.TestSalaryChangeDate" name="test_jan_1_gives_full_new_salary" time="0.133" /><testcase classname="tests.test_iteration_18.TestSalaryChangeDate" name="test_next_year_date_gives_base" time="0.131" /><testcase classname="tests.test_iteration_18.TestManualOverride" name="test_manual_overrides_components" time="0.131" /><testcase classname="tests.test_iteration_18.TestManualOverride" name="test_total_cost_stays_sum" time="0.130" /><testcase classname="tests.test_iteration_18.TestNoEntry" name="test_get_no_entry_ok" time="0.054" /><testcase classname="tests.test_iteration_18.TestNoEntry" name="test_inactivate_endpoint_reachable_no_op" time="0.110" /><testcase classname="tests.test_iteration_18.TestTedyTelus" name="test_non_ccq_tedy_telus_scope" time="0.190" /><testcase classname="tests.test_iteration_18.TestTedyTelus" name="test_ccq_tedy_telus_ignored" time="0.186" /><testcase classname="tests.test_iteration_18.TestDeptGlBoni" name="test_put_dept_gl_boni_roundtrip" time="0.274" /><testcase classname="tests.test_iteration_18.TestPnlGlBoniSplit" name="test_boni_extracted_to_gl_boni_account_and_deducted" time="0.639" /><testcase classname="tests.test_iteration_18" name="test_employee_count" time="0.063" /></testsuite></testsuites>