<?xml version="1.0" encoding="utf-8"?><testsuites name="pytest tests"><testsuite name="pytest" errors="0" failures="0" skipped="0" tests="8" time="2.829" timestamp="2026-07-12T20:30:56.212892+00:00" hostname="agent-env-f176ff3a-4c15-48e3-bd8d-6ccded8e2b41"><testcase classname="tests.test_fiche_overrides.TestPerScenarioIsolation" name="test_override_ca_only" time="0.870" /><testcase classname="tests.test_fiche_overrides.TestPartTimeProration" name="test_primes_and_alloc_scale" time="0.167" /><testcase classname="tests.test_fiche_overrides.TestCsstInvariantOnDept" name="test_csst_unchanged_when_only_dept_overridden" time="0.166" /><testcase classname="tests.test_fiche_overrides.TestLockPropagatesDepartment" name="test_lock_writes_department_to_employee" time="0.505" /><testcase classname="tests.test_fiche_overrides.TestRolePermissions" name="test_viewer_cannot_override" time="0.469" /><testcase classname="tests.test_fiche_overrides.TestRolePermissions" name="test_editor_can_override_unlocked" time="0.478" /><testcase classname="tests.test_fiche_overrides.TestRolePermissions" name="test_editor_cannot_toggle_lock" time="0.046" /><testcase classname="tests.test_fiche_overrides" name="test_employee_count_unchanged" time="0.056" /></testsuite></testsuites>