<?xml version="1.0" encoding="utf-8"?><testsuites name="pytest tests"><testsuite name="pytest" errors="0" failures="0" skipped="0" tests="12" time="2.200" timestamp="2026-07-11T18:01:44.240469+00:00" hostname="agent-env-f176ff3a-4c15-48e3-bd8d-6ccded8e2b41"><testcase classname="tests.test_iteration_13" name="test_pnl_endpoint" time="0.482" /><testcase classname="tests.test_iteration_13" name="test_by_class_endpoint_and_csst_cap" time="0.053" /><testcase classname="tests.test_iteration_13" name="test_custom_columns" time="0.045" /><testcase classname="tests.test_iteration_13" name="test_custom_report" time="0.051" /><testcase classname="tests.test_iteration_13" name="test_pnl_excel_download" time="0.077" /><testcase classname="tests.test_iteration_13" name="test_by_class_excel_download" time="0.052" /><testcase classname="tests.test_iteration_13" name="test_custom_excel_download" time="0.060" /><testcase classname="tests.test_iteration_13" name="test_hypotheses_has_csst_cap" time="0.047" /><testcase classname="tests.test_iteration_13" name="test_csst_capped_at_103000" time="0.125" /><testcase classname="tests.test_iteration_13" name="test_prime_garde_with_aucune_prime_saves" time="0.181" /><testcase classname="tests.test_iteration_13" name="test_supervisor_persists_on_employee" time="0.184" /><testcase classname="tests.test_iteration_13" name="test_hypotheses_update_security_classes" time="0.185" /></testsuite></testsuites>