<?xml version="1.0" encoding="utf-8"?><testsuites name="pytest tests"><testsuite name="pytest" errors="0" failures="0" skipped="0" tests="31" time="9.905" timestamp="2026-08-14T21:21:11.942515+00:00" hostname="agent-env-0783a599-4d63-4554-8910-cb7d66ba0f31"><testcase classname="test_reports.scratch.test_p22_financial_periods_api" name="test_setup_non_calendar_fy_on_A" time="1.264" /><testcase classname="test_reports.scratch.test_p22_financial_periods_api" name="test_setup_calendar_fy_on_B" time="0.099" /><testcase classname="test_reports.scratch.test_p22_financial_periods_api" name="test_generate_monthly_calendar" time="0.262" /><testcase classname="test_reports.scratch.test_p22_financial_periods_api" name="test_generate_monthly_non_calendar" time="0.254" /><testcase classname="test_reports.scratch.test_p22_financial_periods_api" name="test_generate_monthly_idempotent" time="0.180" /><testcase classname="test_reports.scratch.test_p22_financial_periods_api" name="test_generate_rejects_non_whole_month_start" time="0.284" /><testcase classname="test_reports.scratch.test_p22_financial_periods_api" name="test_generate_rejects_non_whole_month_end" time="0.271" /><testcase classname="test_reports.scratch.test_p22_financial_periods_api" name="test_manual_create_inside_fy" time="0.244" /><testcase classname="test_reports.scratch.test_p22_financial_periods_api" name="test_manual_create_outside_fy" time="0.145" /><testcase classname="test_reports.scratch.test_p22_financial_periods_api" name="test_manual_create_overlap" time="0.138" /><testcase classname="test_reports.scratch.test_p22_financial_periods_api" name="test_manual_create_duplicate_code" time="0.121" /><testcase classname="test_reports.scratch.test_p22_financial_periods_api" name="test_manual_create_duplicate_sequence" time="0.128" /><testcase classname="test_reports.scratch.test_p22_financial_periods_api" name="test_manual_create_adjacent_ok" time="0.179" /><testcase classname="test_reports.scratch.test_p22_financial_periods_api" name="test_manual_create_start_after_end" time="0.121" /><testcase classname="test_reports.scratch.test_p22_financial_periods_api" name="test_patch_label_and_dates" time="0.145" /><testcase classname="test_reports.scratch.test_p22_financial_periods_api" name="test_lifecycle_transitions" time="0.656" /><testcase classname="test_reports.scratch.test_p22_financial_periods_api" name="test_no_physical_delete" time="0.146" /><testcase classname="test_reports.scratch.test_p22_financial_periods_api" name="test_list_sorted_by_sequence" time="0.107" /><testcase classname="test_reports.scratch.test_p22_financial_periods_api" name="test_get_single_period" time="0.116" /><testcase classname="test_reports.scratch.test_p22_financial_periods_api" name="test_julie_can_read_A" time="0.117" /><testcase classname="test_reports.scratch.test_p22_financial_periods_api" name="test_julie_cannot_read_B" time="0.167" /><testcase classname="test_reports.scratch.test_p22_financial_periods_api" name="test_julie_cannot_administer" time="0.391" /><testcase classname="test_reports.scratch.test_p22_financial_periods_api" name="test_marc_reads_both" time="0.250" /><testcase classname="test_reports.scratch.test_p22_financial_periods_api" name="test_nonexistent_company_404" time="0.142" /><testcase classname="test_reports.scratch.test_p22_financial_periods_api" name="test_cross_company_fy_404" time="0.114" /><testcase classname="test_reports.scratch.test_p22_financial_periods_api" name="test_period_under_wrong_company_404" time="0.137" /><testcase classname="test_reports.scratch.test_p22_financial_periods_api" name="test_logs_event_types" time="0.273" /><testcase classname="test_reports.scratch.test_p22_financial_periods_api" name="test_p21_years_still_work" time="0.326" /><testcase classname="test_reports.scratch.test_p22_financial_periods_api" name="test_p21_overlap_still_409" time="0.127" /><testcase classname="test_reports.scratch.test_p22_financial_periods_api" name="test_legacy_financial_smoke" time="2.711" /><testcase classname="test_reports.scratch.test_p22_financial_periods_api" name="test_no_auth_401_or_403" time="0.129" /></testsuite></testsuites>