<?xml version="1.0" encoding="utf-8"?><testsuites name="pytest tests"><testsuite name="pytest" errors="0" failures="1" skipped="0" tests="19" time="5.469" timestamp="2026-07-10T20:32:14.083519+00:00" hostname="agent-env-f176ff3a-4c15-48e3-bd8d-6ccded8e2b41"><testcase classname="tests.test_locks_users_v9" name="test_admin_login_role" time="0.428" /><testcase classname="tests.test_locks_users_v9" name="test_user_login_role" time="0.338" /><testcase classname="tests.test_locks_users_v9" name="test_users_list_forbidden_for_user" time="0.373" /><testcase classname="tests.test_locks_users_v9" name="test_users_list_admin" time="0.465" /><testcase classname="tests.test_locks_users_v9" name="test_users_create_update_delete" time="0.422"><failure message="assert False&#10; +  where False = any(&lt;generator object test_users_create_update_delete.&lt;locals&gt;.&lt;genexpr&gt; at 0xfeca20c02420&gt;)">backend/tests/test_locks_users_v9.py:80: in test_users_create_update_delete
    assert any(x["email"] == email for x in lst)
E   assert False
E    +  where False = any(&lt;generator object test_users_create_update_delete.&lt;locals&gt;.&lt;genexpr&gt; at 0xfeca20c02420&gt;)</failure></testcase><testcase classname="tests.test_locks_users_v9" name="test_cannot_demote_or_delete_last_admin" time="0.138" /><testcase classname="tests.test_locks_users_v9" name="test_compare_returns_4_scenarios" time="0.065" /><testcase classname="tests.test_locks_users_v9" name="test_evolution_endpoint" time="0.068" /><testcase classname="tests.test_locks_users_v9" name="test_lock_admin_only" time="0.049" /><testcase classname="tests.test_locks_users_v9" name="test_lock_enforcement_on_override" time="0.677" /><testcase classname="tests.test_locks_users_v9" name="test_hypotheses_locked_for_user" time="0.512" /><testcase classname="tests.test_locks_users_v9" name="test_employee_edit_locked_for_user" time="0.572" /><testcase classname="tests.test_locks_users_v9" name="test_report_excel_all_scenarios[actuel]" time="0.076" /><testcase classname="tests.test_locks_users_v9" name="test_report_excel_all_scenarios[ca]" time="0.073" /><testcase classname="tests.test_locks_users_v9" name="test_report_excel_all_scenarios[revue1]" time="0.075" /><testcase classname="tests.test_locks_users_v9" name="test_report_excel_all_scenarios[revue2]" time="0.071" /><testcase classname="tests.test_locks_users_v9" name="test_report_pdf[ca]" time="0.125" /><testcase classname="tests.test_locks_users_v9" name="test_report_pdf[revue1]" time="0.069" /><testcase classname="tests.test_locks_users_v9" name="test_year_create_with_source_scenario" time="0.327" /></testsuite></testsuites>