<?xml version="1.0" encoding="utf-8"?><testsuites name="pytest tests"><testsuite name="pytest" errors="0" failures="0" skipped="0" tests="7" time="1.944" timestamp="2026-07-11T20:17:01.913466+00:00" hostname="agent-env-f176ff3a-4c15-48e3-bd8d-6ccded8e2b41"><testcase classname="tests.test_preferences" name="test_get_preferences_admin" time="0.471" /><testcase classname="tests.test_preferences" name="test_update_and_persist_admin" time="0.111" /><testcase classname="tests.test_preferences" name="test_merge_semantics" time="0.053" /><testcase classname="tests.test_preferences" name="test_per_user_isolation" time="0.492" /><testcase classname="tests.test_preferences" name="test_invalid_payload" time="0.051" /><testcase classname="tests.test_preferences" name="test_unauth_get" time="0.139" /><testcase classname="tests.test_preferences" name="test_cleanup_reset_both" time="0.113" /></testsuite></testsuites>