<?xml version="1.0" encoding="utf-8"?><testsuites name="pytest tests"><testsuite name="pytest" errors="0" failures="0" skipped="0" tests="8" time="5.348" timestamp="2026-08-17T01:12:51.041124+00:00" hostname="agent-env-0783a599-4d63-4554-8910-cb7d66ba0f31"><testcase classname="tests.test_a3_reprise_a3_v2" name="test_customer_create_with_new_fields" time="0.594" /><testcase classname="tests.test_a3_reprise_a3_v2" name="test_invoice_due_date_auto_from_customer_terms" time="0.235" /><testcase classname="tests.test_a3_reprise_a3_v2" name="test_invoice_due_date_manual_override" time="0.107" /><testcase classname="tests.test_a3_reprise_a3_v2" name="test_invoice_approve_generates_pdf_document" time="3.444" /><testcase classname="tests.test_a3_reprise_a3_v2" name="test_oanda_same_currency_returns_rate_1" time="0.108" /><testcase classname="tests.test_a3_reprise_a3_v2" name="test_oanda_unconfigured_degrades_gracefully" time="0.142" /><testcase classname="tests.test_a3_reprise_a3_v2" name="test_company_accent_color_persisted" time="0.561" /><testcase classname="tests.test_a3_reprise_a3_v2" name="test_aging_endpoint" time="0.107" /></testsuite></testsuites>