<?xml version="1.0" encoding="utf-8"?><testsuites name="pytest tests"><testsuite name="pytest" errors="0" failures="0" skipped="0" tests="23" time="8.295" timestamp="2026-08-14T21:09:21.009001+00:00" hostname="agent-env-0783a599-4d63-4554-8910-cb7d66ba0f31"><testcase classname="tests.test_p2_financial_years_api" name="test_backend_reachable" time="1.151" /><testcase classname="tests.test_p2_financial_years_api" name="test_create_calendar_year" time="0.114" /><testcase classname="tests.test_p2_financial_years_api" name="test_create_non_calendar_year" time="0.103" /><testcase classname="tests.test_p2_financial_years_api" name="test_create_start_after_end_422" time="0.141" /><testcase classname="tests.test_p2_financial_years_api" name="test_duplicate_label_same_company_409" time="0.112" /><testcase classname="tests.test_p2_financial_years_api" name="test_same_label_different_company_allowed" time="0.132" /><testcase classname="tests.test_p2_financial_years_api" name="test_overlap_same_company_409" time="0.162" /><testcase classname="tests.test_p2_financial_years_api" name="test_adjacent_non_overlap_allowed" time="0.232" /><testcase classname="tests.test_p2_financial_years_api" name="test_list_and_get_admin" time="0.277" /><testcase classname="tests.test_p2_financial_years_api" name="test_patch_update_label_and_status_transitions" time="0.578" /><testcase classname="tests.test_p2_financial_years_api" name="test_patch_causing_overlap_409" time="0.428" /><testcase classname="tests.test_p2_financial_years_api" name="test_no_delete_endpoint" time="0.249" /><testcase classname="tests.test_p2_financial_years_api" name="test_julie_can_list_A_but_not_B" time="0.270" /><testcase classname="tests.test_p2_financial_years_api" name="test_julie_cannot_create_or_update" time="0.387" /><testcase classname="tests.test_p2_financial_years_api" name="test_marc_can_read_both" time="0.260" /><testcase classname="tests.test_p2_financial_years_api" name="test_no_leak_unknown_company" time="0.240" /><testcase classname="tests.test_p2_financial_years_api" name="test_cross_company_fy_id_returns_404" time="0.246" /><testcase classname="tests.test_p2_financial_years_api" name="test_logs_contain_fy_events" time="0.209" /><testcase classname="tests.test_p2_financial_years_api" name="test_legacy_financial_endpoints_smoke[/qc9434/bilan?year=2026]" time="0.156" /><testcase classname="tests.test_p2_financial_years_api" name="test_legacy_financial_endpoints_smoke[/qc9434/pnl?year=2026]" time="0.129" /><testcase classname="tests.test_p2_financial_years_api" name="test_legacy_financial_endpoints_smoke[/qc9434/trial-balance?year=2026]" time="0.120" /><testcase classname="tests.test_p2_financial_years_api" name="test_legacy_financial_endpoints_smoke[/acct/dashboard]" time="0.148" /><testcase classname="tests.test_p2_financial_years_api" name="test_legacy_financial_endpoints_smoke[/acct/kpis?year=2026&amp;month=7]" time="2.386" /></testsuite></testsuites>