<?xml version="1.0" encoding="utf-8"?><testsuites name="pytest tests"><testsuite name="pytest" errors="0" failures="0" skipped="0" tests="6" time="5.876" timestamp="2026-07-17T07:31:43.719749+00:00" hostname="agent-env-f176ff3a-4c15-48e3-bd8d-6ccded8e2b41"><testcase classname="tests.test_ledger" name="test_template_download" time="0.540" /><testcase classname="tests.test_ledger" name="test_full_ledger_cycle" time="4.304" /><testcase classname="tests.test_ledger" name="test_lock_enforcement_upload" time="0.052" /><testcase classname="tests.test_ledger" name="test_lock_enforcement_delete" time="0.046" /><testcase classname="tests.test_ledger" name="test_invalid_uploads" time="0.189" /><testcase classname="tests.test_ledger" name="test_non_regression_reports" time="0.090" /></testsuite></testsuites>