<?xml version="1.0" encoding="utf-8"?><testsuites name="pytest tests"><testsuite name="pytest" errors="0" failures="0" skipped="0" tests="15" time="2.892" timestamp="2026-07-10T20:05:03.534177+00:00" hostname="agent-env-f176ff3a-4c15-48e3-bd8d-6ccded8e2b41"><testcase classname="tests.test_multiyear_scenarios.TestReportsScenario" name="test_excel_scenario[actuel]" time="0.747" /><testcase classname="tests.test_multiyear_scenarios.TestCompare2026" name="test_compare_shape" time="0.839" /><testcase classname="tests.test_multiyear_scenarios.TestReportsScenario" name="test_excel_scenario[ca]" time="0.143" /><testcase classname="tests.test_multiyear_scenarios.TestCompare2026" name="test_actuel_masse_expected" time="0.126" /><testcase classname="tests.test_multiyear_scenarios.TestReportsScenario" name="test_excel_scenario[revue]" time="0.113" /><testcase classname="tests.test_multiyear_scenarios.TestCompare2026" name="test_ca_masse_gt_actuel" time="0.141" /><testcase classname="tests.test_multiyear_scenarios.TestReportsScenario" name="test_pdf_scenario[actuel]" time="0.303" /><testcase classname="tests.test_multiyear_scenarios.TestYears" name="test_list_years" time="0.155" /><testcase classname="tests.test_multiyear_scenarios.TestYears" name="test_set_active_2026" time="0.297" /><testcase classname="tests.test_multiyear_scenarios.TestReportsScenario" name="test_pdf_scenario[ca]" time="0.119" /><testcase classname="tests.test_multiyear_scenarios.TestReportsScenario" name="test_pdf_scenario[revue]" time="0.122" /><testcase classname="tests.test_multiyear_scenarios.TestRevueIndependent" name="test_revue_override_does_not_affect_ca" time="0.552" /><testcase classname="tests.test_multiyear_scenarios.TestRollover" name="test_create_year_from_ca_rollover" time="0.718" /><testcase classname="tests.test_multiyear_scenarios.TestHypothesesPerYear" name="test_get_hypotheses_by_year" time="0.111" /><testcase classname="tests.test_multiyear_scenarios.TestRollover" name="test_create_year_duplicate_400" time="0.110" /></testsuite></testsuites>