<?xml version="1.0" encoding="utf-8"?><testsuites name="pytest tests"><testsuite name="pytest" errors="0" failures="1" skipped="0" tests="8" time="2.058" timestamp="2026-08-15T23:00:15.181198+00:00" hostname="agent-env-0783a599-4d63-4554-8910-cb7d66ba0f31"><testcase classname="tests.test_navigation_retest" name="test_reporting_bogus_company_returns_404" time="0.610" /><testcase classname="tests.test_navigation_retest" name="test_reporting_cross_company_returns_403_no_leak" time="0.052" /><testcase classname="tests.test_navigation_retest" name="test_reporting_own_company_returns_200_reporting_module" time="0.060"><failure message="AssertionError: REPORTING module missing: [{'module_code': 'REPORTING', 'level': 'manage', 'source': 'user_access', 'can_write': True, 'capabilities': ['reporting.report_finalize']}]&#10;assert False&#10; +  where False = any(&lt;generator object test_reporting_own_company_returns_200_reporting_module.&lt;locals&gt;.&lt;genexpr&gt; at 0xff8a107abbc0&gt;)">backend/tests/test_navigation_retest.py:73: in test_reporting_own_company_returns_200_reporting_module
    assert any("REPORTING" == (x or "").upper() or "REPORTING" in (x or "").upper() for x in norm), \
E   AssertionError: REPORTING module missing: [{'module_code': 'REPORTING', 'level': 'manage', 'source': 'user_access', 'can_write': True, 'capabilities': ['reporting.report_finalize']}]
E   assert False
E    +  where False = any(&lt;generator object test_reporting_own_company_returns_200_reporting_module.&lt;locals&gt;.&lt;genexpr&gt; at 0xff8a107abbc0&gt;)</failure></testcase><testcase classname="tests.test_navigation_retest" name="test_admin_bogus_company_returns_404" time="0.401" /><testcase classname="tests.test_navigation_retest" name="test_admin_own_company_returns_200_management_view" time="0.068" /><testcase classname="tests.test_navigation_retest" name="test_reporting_only_budget_forbidden" time="0.043" /><testcase classname="tests.test_navigation_retest" name="test_budgets_persona_can_access_budget" time="0.433" /><testcase classname="tests.test_navigation_retest" name="test_budgets_persona_forbidden_on_acct_periods" time="0.051" /></testsuite></testsuites>