<?xml version="1.0" encoding="utf-8"?><testsuites name="pytest tests"><testsuite name="pytest" errors="0" failures="0" skipped="0" tests="18" time="4.681" timestamp="2026-08-15T21:24:18.500119+00:00" hostname="agent-env-0783a599-4d63-4554-8910-cb7d66ba0f31"><testcase classname="tests.test_p1_13d2_platform_context" name="test_login_returns_platform_role_for_platform_admin" time="0.433" /><testcase classname="tests.test_p1_13d2_platform_context" name="test_login_returns_platform_role_for_support" time="0.382" /><testcase classname="tests.test_p1_13d2_platform_context" name="test_login_julie_has_no_platform_role" time="0.349" /><testcase classname="tests.test_p1_13d2_platform_context" name="test_platform_summary_platform_admin_200" time="0.460" /><testcase classname="tests.test_p1_13d2_platform_context" name="test_platform_summary_support_200" time="0.625" /><testcase classname="tests.test_p1_13d2_platform_context" name="test_platform_summary_julie_403" time="0.452" /><testcase classname="tests.test_p1_13d2_platform_context" name="test_platform_summary_admin_ws_403" time="0.426" /><testcase classname="tests.test_p1_13d2_platform_context" name="test_platform_clients_lists_meelora" time="0.095" /><testcase classname="tests.test_p1_13d2_platform_context" name="test_platform_clients_julie_403" time="0.093" /><testcase classname="tests.test_p1_13d2_platform_context" name="test_platform_client_subresources_200[]" time="0.107" /><testcase classname="tests.test_p1_13d2_platform_context" name="test_platform_client_subresources_200[/administrators]" time="0.110" /><testcase classname="tests.test_p1_13d2_platform_context" name="test_platform_client_subresources_200[/users]" time="0.110" /><testcase classname="tests.test_p1_13d2_platform_context" name="test_platform_client_subresources_200[/modules]" time="0.101" /><testcase classname="tests.test_p1_13d2_platform_context" name="test_platform_client_subresources_200[/logs]" time="0.135" /><testcase classname="tests.test_p1_13d2_platform_context" name="test_platform_client_subresources_200[/support]" time="0.094" /><testcase classname="tests.test_p1_13d2_platform_context" name="test_platform_logs_scope_is_platform_only" time="0.114" /><testcase classname="tests.test_p1_13d2_platform_context" name="test_tenant_logs_endpoint_distinct" time="0.116" /><testcase classname="tests.test_p1_13d2_platform_context" name="test_platform_admin_cannot_hit_workspace_admin_endpoint" time="0.115" /></testsuite></testsuites>