<?xml version="1.0" encoding="utf-8"?><testsuites name="pytest tests"><testsuite name="pytest" errors="0" failures="0" skipped="0" tests="24" time="5.780" timestamp="2026-08-15T22:36:12.155648+00:00" hostname="agent-env-0783a599-4d63-4554-8910-cb7d66ba0f31"><testcase classname="tests.test_p1_13e_finalisation_gating.TestLegacyGating" name="test_reporting_only_denied_on_budget" time="3.157" /><testcase classname="tests.test_p1_13e_finalisation_gating.TestLegacyGating" name="test_reporting_only_denied_on_reports_pnl" time="0.113" /><testcase classname="tests.test_p1_13e_finalisation_gating.TestLegacyGating" name="test_reporting_only_denied_on_acct_periods" time="0.105" /><testcase classname="tests.test_p1_13e_finalisation_gating.TestLegacyGating" name="test_budgets_only_allowed_on_budget" time="0.127" /><testcase classname="tests.test_p1_13e_finalisation_gating.TestLegacyGating" name="test_budgets_only_denied_on_acct_periods" time="0.104" /><testcase classname="tests.test_p1_13e_finalisation_gating.TestLegacyGating" name="test_junior_allowed_on_acct_periods" time="0.110" /><testcase classname="tests.test_p1_13e_finalisation_gating.TestLegacyGating" name="test_junior_denied_on_budget" time="0.094" /><testcase classname="tests.test_p1_13e_finalisation_gating.TestLegacyGating" name="test_admin_allowed_on_budget" time="0.113" /><testcase classname="tests.test_p1_13e_finalisation_gating.TestLegacyGating" name="test_admin_allowed_on_acct_periods" time="0.101" /><testcase classname="tests.test_p1_13e_finalisation_gating.TestPlatformIsolation" name="test_platform_admin_bare_membership_no_business_access" time="0.110" /><testcase classname="tests.test_p1_13e_finalisation_gating.TestPlatformIsolation" name="test_platform_admin_no_acct" time="0.113" /><testcase classname="tests.test_p1_13e_finalisation_gating.TestNavigationEndpoint" name="test_nav_reporting_only" time="0.108" /><testcase classname="tests.test_p1_13e_finalisation_gating.TestNavigationEndpoint" name="test_nav_budgets_only" time="0.112" /><testcase classname="tests.test_p1_13e_finalisation_gating.TestNavigationEndpoint" name="test_nav_junior_accounting_only" time="0.112" /><testcase classname="tests.test_p1_13e_finalisation_gating.TestNavigationEndpoint" name="test_nav_finance_accounting_only" time="0.107" /><testcase classname="tests.test_p1_13e_finalisation_gating.TestNavigationEndpoint" name="test_nav_consol_consolidation_only" time="0.113" /><testcase classname="tests.test_p1_13e_finalisation_gating.TestNavigationEndpoint" name="test_nav_admin_all_five_management_view" time="0.105" /><testcase classname="tests.test_p1_13e_finalisation_gating.TestNavigationEndpoint" name="test_nav_clientadmin_management_view_five_no_caps" time="0.110" /><testcase classname="tests.test_p1_13e_finalisation_gating.TestNavigationEndpoint" name="test_nav_multi_ca_budgets_accounting" time="0.138" /><testcase classname="tests.test_p1_13e_finalisation_gating.TestNavigationEndpoint" name="test_nav_multi_cb_accounting_consolidation" time="0.116" /><testcase classname="tests.test_p1_13e_finalisation_gating.TestNavigationEndpoint" name="test_nav_platform_admin_bare_zero_modules" time="0.108" /><testcase classname="tests.test_p1_13e_finalisation_gating.TestClientAdminNoAuthority" name="test_clientadmin_denied_write_sensitive" time="0.106" /><testcase classname="tests.test_p1_13e_finalisation_gating.TestMultiCompanyIsolation" name="test_multi_can_reach_budget_on_CA" time="0.116" /><testcase classname="tests.test_p1_13e_finalisation_gating.TestMultiCompanyIsolation" name="test_multi_can_reach_acct_periods" time="0.111" /></testsuite></testsuites>