<?xml version="1.0" encoding="utf-8"?><testsuites name="pytest tests"><testsuite name="pytest" errors="0" failures="0" skipped="0" tests="28" time="0.496" timestamp="2026-08-15T22:34:10.142123+00:00" hostname="agent-env-0783a599-4d63-4554-8910-cb7d66ba0f31"><testcase classname="tests.test_p1_13e_persona_matrix" name="test_persona_A_platform_admin_bare_membership_has_no_finance" time="0.002" /><testcase classname="tests.test_p1_13e_navigation" name="test_client_reporting_only" time="0.001" /><testcase classname="tests.test_p1_13e_persona_matrix" name="test_persona_B_employee_read_only_scope" time="0.001" /><testcase classname="tests.test_p1_13e_navigation" name="test_client_reporting_plus_budgets" time="0.001" /><testcase classname="tests.test_p1_13e_navigation" name="test_client_reporting_plus_accounting" time="0.001" /><testcase classname="tests.test_p1_13e_persona_matrix" name="test_persona_C_client_admin_has_no_auto_finance" time="0.001" /><testcase classname="tests.test_p1_13e_persona_matrix" name="test_persona_D_junior_cannot_post_or_close" time="0.001" /><testcase classname="tests.test_p1_13e_navigation" name="test_client_all_five_admin_sees_all" time="0.001" /><testcase classname="tests.test_p1_13e_navigation" name="test_user_reporting_only_in_full_client" time="0.001" /><testcase classname="tests.test_p1_13e_persona_matrix" name="test_persona_E_finance_granular_permissions" time="0.001" /><testcase classname="tests.test_p1_13e_navigation" name="test_user_budgets_only" time="0.001" /><testcase classname="tests.test_p1_13e_persona_matrix" name="test_persona_F_reporting_only" time="0.001" /><testcase classname="tests.test_p1_13e_navigation" name="test_user_accounting_only" time="0.001" /><testcase classname="tests.test_p1_13e_persona_matrix" name="test_persona_G_multi_company_isolation" time="0.001" /><testcase classname="tests.test_p1_13e_navigation" name="test_multi_company_different_modules" time="0.002" /><testcase classname="tests.test_p1_13e_persona_matrix" name="test_persona_G_revocation_in_A_does_not_affect_B" time="0.001" /><testcase classname="tests.test_p1_13e_navigation" name="test_client_admin_management_view_no_authority" time="0.001" /><testcase classname="tests.test_p1_13e_persona_matrix" name="test_persona_H_consolidation_group_scope" time="0.001" /><testcase classname="tests.test_p1_13e_navigation" name="test_module_not_entitled_invisible" time="0.001" /><testcase classname="tests.test_p1_13e_persona_matrix" name="test_suspended_identity_loses_all_access" time="0.001" /><testcase classname="tests.test_p1_13e_navigation" name="test_module_disabled_for_company_invisible" time="0.001" /><testcase classname="tests.test_p1_13e_persona_matrix" name="test_cross_workspace_company_no_leak" time="0.001" /><testcase classname="tests.test_p1_13e_navigation" name="test_module_not_assigned_invisible" time="0.001" /><testcase classname="tests.test_p1_13e_persona_matrix" name="test_module_not_entitled_blocks_even_with_grant" time="0.001" /><testcase classname="tests.test_p1_13e_navigation" name="test_capabilities_only_from_explicit_permission" time="0.001" /><testcase classname="tests.test_p1_13e_navigation" name="test_authorize_module_write_requires_contribute" time="0.001" /><testcase classname="tests.test_p1_13e_navigation" name="test_authorize_module_admin_overlay_read_and_write" time="0.001" /><testcase classname="tests.test_p1_13e_navigation" name="test_authorize_module_cross_workspace_no_leak" time="0.001" /></testsuite></testsuites>