<?xml version="1.0" encoding="utf-8"?><testsuites name="pytest tests"><testsuite name="pytest" errors="0" failures="0" skipped="0" tests="12" time="0.520" timestamp="2026-08-15T21:43:48.397703+00:00" hostname="agent-env-0783a599-4d63-4554-8910-cb7d66ba0f31"><testcase classname="tests.test_p1_13e_persona_matrix" name="test_persona_A_platform_admin_bare_membership_has_no_finance" time="0.002" /><testcase classname="tests.test_p1_13e_persona_matrix" name="test_persona_B_employee_read_only_scope" time="0.001" /><testcase classname="tests.test_p1_13e_persona_matrix" name="test_persona_C_client_admin_has_no_auto_finance" time="0.001" /><testcase classname="tests.test_p1_13e_persona_matrix" name="test_persona_D_junior_cannot_post_or_close" time="0.001" /><testcase classname="tests.test_p1_13e_persona_matrix" name="test_persona_E_finance_granular_permissions" time="0.001" /><testcase classname="tests.test_p1_13e_persona_matrix" name="test_persona_F_reporting_only" time="0.001" /><testcase classname="tests.test_p1_13e_persona_matrix" name="test_persona_G_multi_company_isolation" time="0.001" /><testcase classname="tests.test_p1_13e_persona_matrix" name="test_persona_G_revocation_in_A_does_not_affect_B" time="0.001" /><testcase classname="tests.test_p1_13e_persona_matrix" name="test_persona_H_consolidation_group_scope" time="0.001" /><testcase classname="tests.test_p1_13e_persona_matrix" name="test_suspended_identity_loses_all_access" time="0.001" /><testcase classname="tests.test_p1_13e_persona_matrix" name="test_cross_workspace_company_no_leak" time="0.001" /><testcase classname="tests.test_p1_13e_persona_matrix" name="test_module_not_entitled_blocks_even_with_grant" time="0.001" /></testsuite></testsuites>