<?xml version="1.0" encoding="utf-8"?><testsuites name="pytest tests"><testsuite name="pytest" errors="0" failures="0" skipped="0" tests="15" time="10.702" timestamp="2026-08-14T21:59:47.666097+00:00" hostname="agent-env-0783a599-4d63-4554-8910-cb7d66ba0f31"><testcase classname="test_reports.scratch.test_p1_12_identity_live" name="test_workspace_members_migration" time="0.505" /><testcase classname="test_reports.scratch.test_p1_12_identity_live" name="test_dual_read_julie" time="0.718" /><testcase classname="test_reports.scratch.test_p1_12_identity_live" name="test_dual_read_marc" time="0.475" /><testcase classname="test_reports.scratch.test_p1_12_identity_live" name="test_workspace_member_admin_crud" time="0.943" /><testcase classname="test_reports.scratch.test_p1_12_identity_live" name="test_create_company_local_admin_and_invalid_combos" time="0.576" /><testcase classname="test_reports.scratch.test_p1_12_identity_live" name="test_clocaladmin_can_manage_company_a_only" time="2.002" /><testcase classname="test_reports.scratch.test_p1_12_identity_live" name="test_company_local_user_scoping" time="1.243" /><testcase classname="test_reports.scratch.test_p1_12_identity_live" name="test_platform_admin_no_customer_access" time="0.903" /><testcase classname="test_reports.scratch.test_p1_12_identity_live" name="test_nonexistent_company_returns_404" time="0.128" /><testcase classname="test_reports.scratch.test_p1_12_identity_live" name="test_logs_admin_only_and_contain_new_events" time="0.320" /><testcase classname="test_reports.scratch.test_p1_12_identity_live" name="test_financial_smoke[/qc9434/bilan?year=2026]" time="0.119" /><testcase classname="test_reports.scratch.test_p1_12_identity_live" name="test_financial_smoke[/qc9434/pnl?year=2026]" time="0.124" /><testcase classname="test_reports.scratch.test_p1_12_identity_live" name="test_financial_smoke[/qc9434/trial-balance?year=2026]" time="0.101" /><testcase classname="test_reports.scratch.test_p1_12_identity_live" name="test_financial_smoke[/acct/dashboard]" time="0.102" /><testcase classname="test_reports.scratch.test_p1_12_identity_live" name="test_financial_smoke[/acct/kpis?year=2026&amp;month=7]" time="2.298" /></testsuite></testsuites>