<?xml version="1.0" encoding="utf-8"?><testsuites name="pytest tests"><testsuite name="pytest" errors="0" failures="2" skipped="0" tests="27" time="10.735" timestamp="2026-08-14T21:32:04.139050+00:00" hostname="agent-env-0783a599-4d63-4554-8910-cb7d66ba0f31"><testcase classname="test_reports.scratch.test_p2_3_accounts_live" name="test_login_admin" time="1.144" /><testcase classname="test_reports.scratch.test_p2_3_accounts_live" name="test_create_default_currency_inherits_company" time="0.108" /><testcase classname="test_reports.scratch.test_p2_3_accounts_live" name="test_create_explicit_currency_uppercased" time="0.124" /><testcase classname="test_reports.scratch.test_p2_3_accounts_live" name="test_account_code_preserved_exactly[TST_0010]" time="0.223" /><testcase classname="test_reports.scratch.test_p2_3_accounts_live" name="test_account_code_preserved_exactly[TST_4.100]" time="0.241" /><testcase classname="test_reports.scratch.test_p2_3_accounts_live" name="test_account_code_preserved_exactly[TST_A100]" time="0.274" /><testcase classname="test_reports.scratch.test_p2_3_accounts_live" name="test_account_code_preserved_exactly[TST_3200-01]" time="0.304" /><testcase classname="test_reports.scratch.test_p2_3_accounts_live" name="test_duplicate_code_same_company_409" time="0.213" /><testcase classname="test_reports.scratch.test_p2_3_accounts_live" name="test_same_code_different_companies_allowed" time="0.232" /><testcase classname="test_reports.scratch.test_p2_3_accounts_live" name="test_invalid_account_type" time="0.118" /><testcase classname="test_reports.scratch.test_p2_3_accounts_live" name="test_invalid_normal_balance" time="0.113" /><testcase classname="test_reports.scratch.test_p2_3_accounts_live" name="test_missing_account_name" time="0.119" /><testcase classname="test_reports.scratch.test_p2_3_accounts_live" name="test_update_name_and_deactivate_reactivate" time="0.513" /><testcase classname="test_reports.scratch.test_p2_3_accounts_live" name="test_no_physical_delete" time="0.255" /><testcase classname="test_reports.scratch.test_p2_3_accounts_live" name="test_list_filters" time="1.153" /><testcase classname="test_reports.scratch.test_p2_3_accounts_live" name="test_external_id_uniqueness_rules" time="0.727" /><testcase classname="test_reports.scratch.test_p2_3_accounts_live" name="test_security_julie_read_A_ok" time="0.100" /><testcase classname="test_reports.scratch.test_p2_3_accounts_live" name="test_security_julie_read_B_forbidden" time="0.141" /><testcase classname="test_reports.scratch.test_p2_3_accounts_live" name="test_security_julie_cannot_administer" time="0.152" /><testcase classname="test_reports.scratch.test_p2_3_accounts_live" name="test_security_marc_reads_both" time="0.247" /><testcase classname="test_reports.scratch.test_p2_3_accounts_live" name="test_nonexistent_company_404" time="0.097" /><testcase classname="test_reports.scratch.test_p2_3_accounts_live" name="test_account_id_wrong_company_404" time="0.222" /><testcase classname="test_reports.scratch.test_p2_3_accounts_live" name="test_create_on_nonexistent_company_404" time="0.100" /><testcase classname="test_reports.scratch.test_p2_3_accounts_live" name="test_logs_contain_account_events" time="0.639" /><testcase classname="test_reports.scratch.test_p2_3_accounts_live" name="test_regression_p22_periods_p21_years_reachable" time="0.260"><failure message="assert 404 == 200&#10; +  where 404 = &lt;Response [404]&gt;.status_code">test_reports/scratch/test_p2_3_accounts_live.py:344: in test_regression_p22_periods_p21_years_reachable
    assert r.status_code == 200
E   assert 404 == 200
E    +  where 404 = &lt;Response [404]&gt;.status_code</failure></testcase><testcase classname="test_reports.scratch.test_p2_3_accounts_live" name="test_financial_smoke" time="2.683" /><testcase classname="test_reports.scratch.test_p2_3_accounts_live" name="test_p1_11_matrix" time="0.115"><failure message="assert 404 == 200&#10; +  where 404 = &lt;Response [404]&gt;.status_code">test_reports/scratch/test_p2_3_accounts_live.py:358: in test_p1_11_matrix
    assert r.status_code == 200
E   assert 404 == 200
E    +  where 404 = &lt;Response [404]&gt;.status_code</failure></testcase></testsuite></testsuites>