<?xml version="1.0" encoding="utf-8"?><testsuites name="pytest tests"><testsuite name="pytest" errors="0" failures="0" skipped="0" tests="155" time="0.827" timestamp="2026-08-15T15:36:15.048626+00:00" hostname="agent-env-0783a599-4d63-4554-8910-cb7d66ba0f31"><testcase classname="tests.test_p3_5_custom_templates" name="test_create_blank_workspace_and_company_drafts" time="0.001" /><testcase classname="tests.test_p3_3_mapping_governance" name="test_manual_confirmed_creation" time="0.001" /><testcase classname="tests.test_p3_5_custom_templates" name="test_company_scope_requires_company_id" time="0.000" /><testcase classname="tests.test_p3_5_custom_templates" name="test_derive_from_system_and_from_custom" time="0.001" /><testcase classname="tests.test_p3_3_mapping_governance" name="test_aggregate_concept_rejected" time="0.001" /><testcase classname="tests.test_p3_3_mapping_governance" name="test_unknown_account_rejected" time="0.000" /><testcase classname="tests.test_p3_5_custom_templates" name="test_derive_does_not_mutate_parent" time="0.001" /><testcase classname="tests.test_p3_5_custom_templates" name="test_duplicate_code_rejected" time="0.001" /><testcase classname="tests.test_p3_5_custom_templates" name="test_scope_visibility_and_cross_workspace" time="0.002" /><testcase classname="tests.test_p3_3_mapping_governance" name="test_unknown_concept_rejected" time="0.000" /><testcase classname="tests.test_p3_3_mapping_governance" name="test_one_confirmed_per_account_period_resolution" time="0.001" /><testcase classname="tests.test_p3_3_mapping_governance" name="test_non_overlapping_confirmed_windows_accepted" time="0.001" /><testcase classname="tests.test_p3_3_mapping_governance" name="test_overlapping_confirmed_rejected" time="0.001" /><testcase classname="tests.test_p3_3_mapping_governance" name="test_suggestions_may_overlap" time="0.001" /><testcase classname="tests.test_p3_5_custom_templates" name="test_draft_add_edit_reorder_remove" time="0.001" /><testcase classname="tests.test_p3_3_mapping_governance" name="test_invalid_sequence_rejected" time="0.000" /><testcase classname="tests.test_p3_3_mapping_governance" name="test_period_from_other_company_rejected" time="0.000" /><testcase classname="tests.test_p3_5_custom_templates" name="test_published_mutation_rejected" time="0.001" /><testcase classname="tests.test_p3_3_mapping_governance" name="test_suggested_to_confirmed" time="0.000" /><testcase classname="tests.test_p3_3_mapping_governance" name="test_suggested_to_rejected_preserves_history" time="0.000" /><testcase classname="tests.test_p3_5_custom_templates" name="test_validation_duplicate_and_unknown_parent" time="0.001" /><testcase classname="tests.test_p3_3_mapping_governance" name="test_confirmed_supersession_preserves_history" time="0.001" /><testcase classname="tests.test_p3_5_custom_templates" name="test_validation_unknown_concept_rejected_at_add" time="0.001" /><testcase classname="tests.test_p3_3_mapping_governance" name="test_cannot_reject_confirmed" time="0.000" /><testcase classname="tests.test_p3_5_custom_templates" name="test_validation_invalid_and_circular_formula" time="0.001" /><testcase classname="tests.test_p3_3_mapping_governance" name="test_resolve_integrity_error_on_double_confirmed" time="0.000" /><testcase classname="tests.test_p3_3_mapping_governance" name="test_coverage_zero_accounts" time="0.000" /><testcase classname="tests.test_p3_5_custom_templates" name="test_validation_empty_financial_template_rejected" time="0.001" /><testcase classname="tests.test_p3_3_mapping_governance" name="test_coverage_partial_and_inactive_excluded" time="0.001" /><testcase classname="tests.test_p3_5_custom_templates" name="test_semantic_bypass_allowed_custom_with_accounts" time="0.001" /><testcase classname="tests.test_p3_3_mapping_governance" name="test_coverage_all_mapped" time="0.001" /><testcase classname="tests.test_p3_5_custom_templates" name="test_semantic_bypass_requires_accounts_and_not_workspace" time="0.001" /><testcase classname="tests.test_p3_3_mapping_governance" name="test_coverage_materiality" time="0.000" /><testcase classname="tests.test_p3_5_custom_templates" name="test_semantic_bypass_account_from_other_company_rejected" time="0.001" /><testcase classname="tests.test_p3_3_mapping_governance" name="test_coverage_without_tb_has_no_materiality" time="0.000" /><testcase classname="tests.test_p3_3_mapping_governance" name="test_readiness_flag" time="0.001" /><testcase classname="tests.test_p3_5_custom_templates" name="test_upload_preview_no_write_then_commit_creates_draft" time="0.001" /><testcase classname="tests.test_p3_3_mapping_governance" name="test_bulk_all_valid" time="0.001" /><testcase classname="tests.test_p3_5_custom_templates" name="test_upload_commit_idempotent_retry" time="0.001" /><testcase classname="tests.test_p3_3_mapping_governance" name="test_bulk_mixed_and_conflict_reported" time="0.000" /><testcase classname="tests.test_p3_5_custom_templates" name="test_upload_rejects_unknown_concept_duplicate_and_circular" time="0.001" /><testcase classname="tests.test_p3_3_mapping_governance" name="test_bulk_intra_batch_conflict" time="0.000" /><testcase classname="tests.test_p3_5_custom_templates" name="test_upload_parse_csv_and_excel" time="0.156" /><testcase classname="tests.test_p3_3_mapping_governance" name="test_bulk_dry_run_no_writes" time="0.000" /><testcase classname="tests.test_p3_3_mapping_governance" name="test_import_preview_no_write_and_validations" time="0.000" /><testcase classname="tests.test_p3_3_mapping_governance" name="test_import_commit_default_suggested_and_idempotent" time="0.000" /><testcase classname="tests.test_p3_3_mapping_governance" name="test_import_commit_confirmed_explicit" time="0.000" /><testcase classname="tests.test_p3_3_mapping_governance" name="test_import_commit_blocks_on_errors" time="0.000" /><testcase classname="tests.test_p3_3_mapping_governance" name="test_workspace_admin_write_ok" time="0.000" /><testcase classname="tests.test_p3_3_mapping_governance" name="test_members_can_read_write_denied" time="0.001" /><testcase classname="tests.test_p3_3_mapping_governance" name="test_unauthorized_denied" time="0.000" /><testcase classname="tests.test_p3_3_mapping_governance" name="test_platform_admin_without_membership_denied" time="0.001" /><testcase classname="tests.test_p3_3_mapping_governance" name="test_cross_workspace_404" time="0.000" /><testcase classname="tests.test_p3_1_reporting_semantics" name="test_platform_admin_creates_concept" time="0.001" /><testcase classname="tests.test_p3_1_reporting_semantics" name="test_workspace_admin_cannot_create_concept" time="0.001" /><testcase classname="tests.test_p3_1_reporting_semantics" name="test_duplicate_concept_code_rejected" time="0.000" /><testcase classname="tests.test_p3_1_reporting_semantics" name="test_child_concept_level" time="0.002" /><testcase classname="tests.test_p3_1_reporting_semantics" name="test_concept_cosmetic_update_bumps_version" time="0.000" /><testcase classname="tests.test_p3_1_reporting_semantics" name="test_concept_deprecate_and_replace" time="0.001" /><testcase classname="tests.test_p3_1_reporting_semantics" name="test_list_excludes_deprecated_by_default" time="0.000" /><testcase classname="tests.test_p3_1_reporting_semantics" name="test_i18n_upsert_and_resolve_fallback" time="0.001" /><testcase classname="tests.test_p3_1_reporting_semantics" name="test_i18n_non_platform_denied" time="0.058" /><testcase classname="tests.test_p3_1_reporting_semantics" name="test_create_suggested_then_confirm" time="0.001" /><testcase classname="tests.test_p3_1_reporting_semantics" name="test_cardinality_second_confirmed_supersedes_first" time="0.001" /><testcase classname="tests.test_p3_1_reporting_semantics" name="test_backdating_confirmed_rejected" time="0.000" /><testcase classname="tests.test_p3_1_reporting_semantics" name="test_reject_mapping" time="0.000" /><testcase classname="tests.test_p3_1_reporting_semantics" name="test_aggregate_concept_not_mappable" time="0.000" /><testcase classname="tests.test_p3_1_reporting_semantics" name="test_account_outside_company_rejected" time="0.000" /><testcase classname="tests.test_p3_1_reporting_semantics" name="test_coverage_derives_unmapped" time="0.001" /><testcase classname="tests.test_p3_1_reporting_semantics" name="test_mapping_security_non_admin_denied_member_reads" time="0.000" /><testcase classname="tests.test_p3_1_reporting_semantics" name="test_mapping_cross_workspace_404" time="0.000" /><testcase classname="tests.test_p3_1_reporting_semantics" name="test_system_template_build_publish_and_version" time="0.001" /><testcase classname="tests.test_p3_1_reporting_semantics" name="test_system_template_semantic_bypass_forbidden" time="0.000" /><testcase classname="tests.test_p3_1_reporting_semantics" name="test_publish_empty_template_rejected" time="0.000" /><testcase classname="tests.test_p3_1_reporting_semantics" name="test_custom_template_allows_semantic_bypass" time="0.000" /><testcase classname="tests.test_p3_1_reporting_semantics" name="test_add_line_to_published_rejected" time="0.001" /><testcase classname="tests.test_p3_1_reporting_semantics" name="test_system_template_create_denied_for_non_platform" time="0.000" /><testcase classname="tests.test_p3_1_reporting_semantics" name="test_custom_template_create_denied_for_non_admin" time="0.000" /><testcase classname="tests.test_p3_1_reporting_semantics" name="test_list_system_templates_tenant_read" time="0.001" /><testcase classname="tests.test_p3_1_reporting_semantics" name="test_jurisdiction_profile_create_and_read" time="0.000" /><testcase classname="tests.test_p3_6_cash_flow" name="test_prior_period_used_and_reconciles" time="0.001" /><testcase classname="tests.test_p3_6_cash_flow" name="test_sequence_one_uses_prior_fy_last_period" time="0.001" /><testcase classname="tests.test_p3_6_cash_flow" name="test_missing_prior_period_incomplete" time="0.001" /><testcase classname="tests.test_p3_6_cash_flow" name="test_missing_prior_tb_incomplete" time="0.001" /><testcase classname="tests.test_p3_6_cash_flow" name="test_working_capital_signs[ACCOUNTS_RECEIVABLE-80-50--30]" time="0.001" /><testcase classname="tests.test_p3_6_cash_flow" name="test_working_capital_signs[ACCOUNTS_RECEIVABLE-20-50-30]" time="0.001" /><testcase classname="tests.test_p3_6_cash_flow" name="test_working_capital_signs[INVENTORY-70-40--30]" time="0.001" /><testcase classname="tests.test_p3_6_cash_flow" name="test_working_capital_signs[PREPAID_EXPENSES-10-25-15]" time="0.001" /><testcase classname="tests.test_p3_6_cash_flow" name="test_working_capital_signs[ACCOUNTS_PAYABLE--80--50-30]" time="0.001" /><testcase classname="tests.test_p3_6_cash_flow" name="test_working_capital_signs[ACCOUNTS_PAYABLE--20--50--30]" time="0.001" /><testcase classname="tests.test_p3_6_cash_flow" name="test_working_capital_signs[ACCRUED_LIABILITIES--40--10-30]" time="0.001" /><testcase classname="tests.test_p3_6_cash_flow" name="test_working_capital_signs[DEFERRED_REVENUE--50--20-30]" time="0.001" /><testcase classname="tests.test_p3_6_cash_flow" name="test_cash_excluded_from_working_capital" time="0.001" /><testcase classname="tests.test_p3_6_cash_flow" name="test_depreciation_amortization_addback" time="0.001" /><testcase classname="tests.test_p3_6_cash_flow" name="test_investing_movement_flagged_manual" time="0.001" /><testcase classname="tests.test_p3_6_cash_flow" name="test_financing_movement_flagged_manual" time="0.001" /><testcase classname="tests.test_p3_6_cash_flow" name="test_ca_and_ch_templates_same_core" time="0.001" /><testcase classname="tests.test_p3_6_cash_flow" name="test_generate_immutable_report_run" time="0.001" /><testcase classname="tests.test_p3_6_cash_flow" name="test_reconciliation_difference_detected" time="0.001" /><testcase classname="tests.test_p3_6_cash_flow" name="test_security_generate_requires_admin_preview_allows_member" time="0.001" /><testcase classname="tests.test_p3_6_cash_flow" name="test_security_outsider_denied" time="0.001" /><testcase classname="tests.test_p3_6_cash_flow" name="test_cross_workspace_404" time="0.001" /><testcase classname="tests.test_p3_6_cash_flow" name="test_no_write_to_financial_core" time="0.002" /><testcase classname="tests.test_p3_4_reporting_engine" name="test_formula_basic_and_parens" time="0.000" /><testcase classname="tests.test_p3_4_reporting_engine" name="test_formula_unknown_ref_rejected" time="0.000" /><testcase classname="tests.test_p3_4_reporting_engine" name="test_formula_invalid_syntax_rejected" time="0.000" /><testcase classname="tests.test_p3_4_reporting_engine" name="test_tb_latest_completed_selected_failed_excluded" time="0.000" /><testcase classname="tests.test_p3_4_reporting_engine" name="test_tb_explicit_override" time="0.000" /><testcase classname="tests.test_p3_4_reporting_engine" name="test_missing_tb_controlled_error" time="0.000" /><testcase classname="tests.test_p3_4_reporting_engine" name="test_pnl_signs_and_formula" time="0.001" /><testcase classname="tests.test_p3_4_reporting_engine" name="test_pnl_measure_period_vs_ytd" time="0.000" /><testcase classname="tests.test_p3_4_reporting_engine" name="test_bs_balanced_and_control" time="0.000" /><testcase classname="tests.test_p3_4_reporting_engine" name="test_bs_unbalanced_detected_no_balancing_entry" time="0.000" /><testcase classname="tests.test_p3_4_reporting_engine" name="test_bs_parent_aggregate_no_double_count" time="0.000" /><testcase classname="tests.test_p3_4_reporting_engine" name="test_populated_unmapped_blocks_finalize" time="0.000" /><testcase classname="tests.test_p3_4_reporting_engine" name="test_preview_allows_incomplete" time="0.001" /><testcase classname="tests.test_p3_4_reporting_engine" name="test_multiple_confirmed_integrity_error" time="0.000" /><testcase classname="tests.test_p3_4_reporting_engine" name="test_suggested_ignored" time="0.000" /><testcase classname="tests.test_p3_4_reporting_engine" name="test_generate_and_immutable_reproducible" time="0.001" /><testcase classname="tests.test_p3_4_reporting_engine" name="test_report_run_snapshots_evidence" time="0.000" /><testcase classname="tests.test_p3_4_reporting_engine" name="test_security_matrix" time="0.001" /><testcase classname="tests.test_p3_4_reporting_engine" name="test_unauthorized_and_cross_workspace" time="0.001" /><testcase classname="tests.test_p3_4_reporting_engine" name="test_platform_admin_without_membership_denied" time="0.000" /><testcase classname="tests.test_p3_4_reporting_engine" name="test_no_write_to_p2_collections" time="0.000" /><testcase classname="tests.test_p3_2_system_seed" name="test_seed_creates_then_idempotent" time="0.016" /><testcase classname="tests.test_p3_2_system_seed" name="test_concept_codes_unique" time="0.000" /><testcase classname="tests.test_p3_5_custom_templates" name="test_publish_valid_then_new_version_keeps_old" time="0.002" /><testcase classname="tests.test_p3_2_system_seed" name="test_concept_parents_exist" time="0.000" /><testcase classname="tests.test_p3_2_system_seed" name="test_aggregates_and_contra_present" time="0.000" /><testcase classname="tests.test_p3_2_system_seed" name="test_required_structural_concepts_present" time="0.000" /><testcase classname="tests.test_p3_2_system_seed" name="test_kpi_supporting_concepts_present" time="0.000" /><testcase classname="tests.test_p3_5_custom_templates" name="test_new_version_requires_published" time="0.001" /><testcase classname="tests.test_p3_2_system_seed" name="test_seed_blocks_semantic_drift" time="0.030" /><testcase classname="tests.test_p3_5_custom_templates" name="test_default_resolution_company_over_workspace_over_system" time="0.019" /><testcase classname="tests.test_p3_5_custom_templates" name="test_default_falls_back_to_system_jurisdiction" time="0.001" /><testcase classname="tests.test_p3_5_custom_templates" name="test_i18n_labels_fr_en_de_it_and_fallback" time="0.001" /><testcase classname="tests.test_p3_5_custom_templates" name="test_security_matrix" time="0.001" /><testcase classname="tests.test_p3_5_custom_templates" name="test_platform_admin_without_membership_denied" time="0.001" /><testcase classname="tests.test_p3_5_custom_templates" name="test_system_template_write_via_p35_forbidden" time="0.000" /><testcase classname="tests.test_p3_5_custom_templates" name="test_custom_pl_preview_and_generate" time="0.001" /><testcase classname="tests.test_p3_5_custom_templates" name="test_custom_bs_preview_and_generate" time="0.001" /><testcase classname="tests.test_p3_5_custom_templates" name="test_report_run_reproducible_across_versions" time="0.002" /><testcase classname="tests.test_p3_2_system_seed" name="test_i18n_en_fr_coverage_and_fallback" time="0.009" /><testcase classname="tests.test_p3_5_custom_templates" name="test_semantic_bypass_executes_in_engine" time="0.001" /><testcase classname="tests.test_p3_5_custom_templates" name="test_no_write_to_financial_core" time="0.001" /><testcase classname="tests.test_p3_2_system_seed" name="test_four_system_templates_published_versioned" time="0.008" /><testcase classname="tests.test_p3_2_system_seed" name="test_template_lines_no_semantic_bypass_valid_refs" time="0.009" /><testcase classname="tests.test_p3_2_system_seed" name="test_template_spec_validation_catches_bad_formula" time="0.000" /><testcase classname="tests.test_p3_2_system_seed" name="test_ca_and_ch_templates_share_concepts" time="0.000" /><testcase classname="tests.test_p3_2_system_seed" name="test_bs_and_pl_specs_validate" time="0.000" /><testcase classname="tests.test_p3_2_system_seed" name="test_jurisdiction_profiles_and_default_templates_valid" time="0.008" /><testcase classname="tests.test_p3_2_system_seed" name="test_seed_requires_platform_manager" time="0.000" /><testcase classname="tests.test_p3_2_system_seed" name="test_platform_manager_can_seed" time="0.008" /><testcase classname="tests.test_p3_2_system_seed" name="test_seed_creates_no_client_data" time="0.008" /><testcase classname="tests.test_p3_2_system_seed" name="test_tenant_can_read_reference" time="0.009" /></testsuite></testsuites>