<?xml version="1.0" encoding="utf-8"?><testsuites name="pytest tests"><testsuite name="pytest" errors="0" failures="1" skipped="0" tests="7" time="1.601" timestamp="2026-08-14T07:44:08.589635+00:00" hostname="agent-env-0783a599-4d63-4554-8910-cb7d66ba0f31"><testcase classname="tests.test_qc9434_phase8.TestAccountDetailScope" name="test_movement_scope" time="0.715" /><testcase classname="tests.test_qc9434_phase8.TestReversal" name="test_reversal_preserves_original_and_posts_inverse" time="0.915" /><testcase classname="tests.test_qc9434_phase8.TestAccountDetailScope" name="test_cumulative_scope_includes_prior_and_current" time="0.096" /><testcase classname="tests.test_qc9434_phase8.TestAccountDetailScope" name="test_cumulative_row_count_ge_movement" time="0.212" /><testcase classname="tests.test_qc9434_phase8.TestReversal" name="test_reversal_blocked_when_paid" time="0.147" /><testcase classname="tests.test_qc9434_phase8.TestAccountDetailScope" name="test_account_detail_default_scope_is_movement" time="0.190" /><testcase classname="tests.test_qc9434_phase8.TestReversal" name="test_double_reversal_blocked" time="0.197"><failure message="assert 404 == 400&#10; +  where 404 = &lt;Response [404]&gt;.status_code">backend/tests/test_qc9434_phase8.py:113: in test_double_reversal_blocked
    assert r2.status_code == 400
E   assert 404 == 400
E    +  where 404 = &lt;Response [404]&gt;.status_code</failure></testcase></testsuite></testsuites>