<?xml version="1.0" encoding="utf-8"?><testsuites name="pytest tests"><testsuite name="pytest" errors="0" failures="0" skipped="0" tests="31" time="5.852" timestamp="2026-08-14T20:23:01.485950+00:00" hostname="agent-env-0783a599-4d63-4554-8910-cb7d66ba0f31"><testcase classname="tests.test_phase1_e2e_review.TestAuthMe" name="test_admin_me_workspace" time="0.436" /><testcase classname="tests.test_phase1_e2e_review.TestAuthMe" name="test_julie_me" time="0.551" /><testcase classname="tests.test_phase1_e2e_review.TestCompanies" name="test_admin_sees_both" time="0.120" /><testcase classname="tests.test_phase1_e2e_review.TestCompanies" name="test_julie_sees_only_meelora" time="0.119" /><testcase classname="tests.test_phase1_e2e_review.TestCompanies" name="test_marc_sees_both" time="0.514" /><testcase classname="tests.test_phase1_e2e_review.TestCompanies" name="test_julie_403_on_company_b" time="0.165" /><testcase classname="tests.test_phase1_e2e_review.TestCompanies" name="test_julie_200_on_company_a" time="0.186" /><testcase classname="tests.test_phase1_e2e_review.TestCompanies" name="test_404_on_random_company" time="0.108" /><testcase classname="tests.test_phase1_e2e_review.TestLogs" name="test_admin_logs_non_empty" time="0.165" /><testcase classname="tests.test_phase1_e2e_review.TestLogs" name="test_julie_logs_403" time="0.097" /><testcase classname="tests.test_phase1_e2e_review.TestLogs" name="test_logs_readonly_no_post" time="0.098" /><testcase classname="tests.test_phase1_e2e_review.TestLogs" name="test_logs_readonly_no_delete" time="0.131" /><testcase classname="tests.test_phase1_e2e_review.TestMandates" name="test_create_mandate" time="0.615" /><testcase classname="tests.test_phase1_e2e_review.TestMandates" name="test_julie_company_access_updated" time="0.131" /><testcase classname="tests.test_phase1_e2e_review.TestMandates" name="test_second_active_mandate_conflict" time="0.116" /><testcase classname="tests.test_phase1_e2e_review.TestMandates" name="test_deactivate_mandate_revokes_access" time="0.109" /><testcase classname="tests.test_phase1_e2e_review.TestMandates" name="test_zz_restore_seed_mandate" time="0.168" /><testcase classname="tests.test_phase1_e2e_review.TestUsers" name="test_list_users" time="0.180" /><testcase classname="tests.test_phase1_e2e_review.TestUsers" name="test_cannot_deactivate_admin" time="0.094" /><testcase classname="tests.test_phase1_e2e_review.TestP110RoleCompat" name="test_julie_can_create_department" time="0.241" /><testcase classname="tests.test_phase1_e2e_review.TestP110RoleCompat" name="test_julie_can_create_employee" time="0.122" /><testcase classname="tests.test_phase1_e2e_review" name="test_regression_smoke[/employees]" time="0.146" /><testcase classname="tests.test_phase1_e2e_review" name="test_regression_smoke[/departments]" time="0.138" /><testcase classname="tests.test_phase1_e2e_review" name="test_regression_smoke[/years]" time="0.133" /><testcase classname="tests.test_phase1_e2e_review" name="test_regression_smoke[/hypotheses]" time="0.142" /><testcase classname="tests.test_phase1_e2e_review" name="test_regression_smoke[/acct/ledger/status]" time="0.116" /><testcase classname="tests.test_phase1_e2e_review" name="test_regression_smoke[/acct/ledger/transactions]" time="0.119" /><testcase classname="tests.test_phase1_e2e_review" name="test_regression_smoke[/qc9434/invoices]" time="0.120" /><testcase classname="tests.test_phase1_e2e_review" name="test_regression_smoke[/qc9434/bills]" time="0.130" /><testcase classname="tests.test_phase1_e2e_review" name="test_regression_smoke[/qc9434/entries]" time="0.122" /><testcase classname="tests.test_phase1_e2e_review" name="test_regression_smoke[/qc9434/accounts]" time="0.154" /></testsuite></testsuites>