<?xml version="1.0" encoding="utf-8"?><testsuites name="pytest tests"><testsuite name="pytest" errors="0" failures="0" skipped="0" tests="9" time="2.193" timestamp="2026-08-10T16:59:46.272672+00:00" hostname="agent-env-f176ff3a-4c15-48e3-bd8d-6ccded8e2b41"><testcase classname="tests.test_qc9434_phase7" name="test_statement_lists_invoices_and_credit_note" time="0.891" /><testcase classname="tests.test_qc9434_phase7" name="test_statement_pdf_returns_pdf" time="0.092" /><testcase classname="tests.test_qc9434_phase7" name="test_statement_404_unknown_client" time="0.076" /><testcase classname="tests.test_qc9434_phase7" name="test_receive_partial_updates_status_and_balance" time="0.237" /><testcase classname="tests.test_qc9434_phase7" name="test_receive_amount_greater_than_balance_rejected" time="0.082" /><testcase classname="tests.test_qc9434_phase7" name="test_receive_zero_or_negative_backend_falls_back_to_full" time="0.069" /><testcase classname="tests.test_qc9434_phase7" name="test_receive_credit_note_rejected" time="0.064" /><testcase classname="tests.test_qc9434_phase7" name="test_purge_removes_test_prefixed_only" time="0.265" /><testcase classname="tests.test_qc9434_phase7" name="test_non_regression_after_purge" time="0.341" /></testsuite></testsuites>