<?xml version="1.0" encoding="utf-8"?><testsuites name="pytest tests"><testsuite name="pytest" errors="0" failures="1" skipped="0" tests="10" time="1.470" timestamp="2026-08-14T19:48:21.757572+00:00" hostname="agent-env-0783a599-4d63-4554-8910-cb7d66ba0f31"><testcase classname="tests.test_phase1_foundation" name="test_auth_me_workspace" time="0.513" /><testcase classname="tests.test_phase1_foundation" name="test_companies_scoped" time="0.057" /><testcase classname="tests.test_phase1_foundation" name="test_workspace_endpoint" time="0.061" /><testcase classname="tests.test_phase1_foundation" name="test_logs_admin_only" time="0.102" /><testcase classname="tests.test_phase1_foundation" name="test_company_access" time="0.056" /><testcase classname="tests.test_phase1_foundation" name="test_mandates_empty" time="0.057" /><testcase classname="tests.test_phase1_foundation" name="test_onboarding_rejects_when_complete" time="0.056" /><testcase classname="tests.test_phase1_foundation" name="test_non_regression_notifications" time="0.057" /><testcase classname="tests.test_phase1_foundation" name="test_non_regression_acct" time="0.129" /><testcase classname="tests.test_phase1_foundation" name="test_non_regression_qc9434" time="0.057"><failure message="AssertionError: 422&#10;assert 422 in (200, 204, 404)&#10; +  where 422 = &lt;Response [422]&gt;.status_code">backend/tests/test_phase1_foundation.py:111: in test_non_regression_qc9434
    assert r.status_code in (200, 204, 404), r.status_code
E   AssertionError: 422
E   assert 422 in (200, 204, 404)
E    +  where 422 = &lt;Response [422]&gt;.status_code</failure></testcase></testsuite></testsuites>