<?xml version="1.0" encoding="utf-8"?><testsuites name="pytest tests"><testsuite name="pytest" errors="0" failures="0" skipped="0" tests="18" time="3.399" timestamp="2026-07-10T15:50:13.241360+00:00" hostname="agent-env-f176ff3a-4c15-48e3-bd8d-6ccded8e2b41"><testcase classname="tests.test_backend.TestAuth" name="test_login_ok" time="0.437" /><testcase classname="tests.test_backend.TestAuth" name="test_login_bad_password" time="0.514" /><testcase classname="tests.test_backend.TestDepartments" name="test_list_seeded" time="0.954" /><testcase classname="tests.test_backend.TestAuth" name="test_me_requires_auth" time="0.092" /><testcase classname="tests.test_backend.TestDepartments" name="test_crud" time="1.039" /><testcase classname="tests.test_backend.TestAuth" name="test_me_ok" time="0.949" /><testcase classname="tests.test_backend.TestAuth" name="test_employees_requires_auth" time="0.094" /><testcase classname="tests.test_backend.TestDepartments" name="test_duplicate_code" time="0.111" /><testcase classname="tests.test_backend.TestEmployees" name="test_list" time="0.112" /><testcase classname="tests.test_backend.TestDepartments" name="test_template_download" time="0.104" /><testcase classname="tests.test_backend.TestEmployees" name="test_crud" time="0.294" /><testcase classname="tests.test_backend.TestBudget" name="test_shape" time="0.099" /><testcase classname="tests.test_backend.TestBudget" name="test_ccq_lines_no_vacation_reer_assurance" time="0.102" /><testcase classname="tests.test_backend.TestBudget" name="test_vacation_includes_primes" time="0.138" /><testcase classname="tests.test_backend.TestEmployees" name="test_template" time="0.115" /><testcase classname="tests.test_backend.TestJournal" name="test_journal_records" time="0.330" /><testcase classname="tests.test_backend.TestHypotheses" name="test_get" time="0.100" /><testcase classname="tests.test_backend.TestHypotheses" name="test_update" time="0.217" /></testsuite></testsuites>