<?xml version="1.0" encoding="utf-8"?><testsuites name="pytest tests"><testsuite name="pytest" errors="0" failures="0" skipped="0" tests="5" time="0.939" timestamp="2026-07-10T14:06:06.075111+00:00" hostname="agent-env-f176ff3a-4c15-48e3-bd8d-6ccded8e2b41"><testcase classname="tests.test_masse_salariale.TestConfig" name="test_config" time="0.180" /><testcase classname="tests.test_masse_salariale.TestEmployees" name="test_list_seeded" time="0.180" /><testcase classname="tests.test_masse_salariale.TestEmployees" name="test_create_update_delete" time="0.176" /><testcase classname="tests.test_masse_salariale.TestEmployees" name="test_delete_unknown_returns_404" time="0.043" /><testcase classname="tests.test_masse_salariale.TestEmployees" name="test_update_unknown_returns_404" time="0.044" /></testsuite></testsuites>