<?xml version="1.0" encoding="utf-8"?><testsuites name="pytest tests"><testsuite name="pytest" errors="0" failures="2" skipped="0" tests="6" time="1.330" timestamp="2026-07-10T19:28:47.166198+00:00" hostname="agent-env-f176ff3a-4c15-48e3-bd8d-6ccded8e2b41"><testcase classname="tests.test_ccq_rules" name="test_login_ok" time="0.420" /><testcase classname="tests.test_ccq_rules" name="test_hypotheses_no_compagnon" time="0.113"><failure message="AssertionError: Le champ compagnon devrait être supprimé des hypothèses&#10;assert 'ccq_electricien_compagnon_rate' not in {'key': 'current', 'year': 2026, 'charges': [{'code': 'RRQ', 'name': 'Régime de rentes du Québec', 'rate': 0.064, 'ceiling': 74600, ...}, {'code': 'AE', 'name': 'Assurance emploi', 'rate': 0.0229, 'ceiling': 68900, ...}, {'code': 'RQAP', 'name': &quot;Régime québécois d'assurance parentale&quot;, 'rate': 0.0069, 'ceiling': 103000, ...}, {'code': 'FSS', 'name': 'Fonds des services de santé', 'rate': 0.0459, 'ceiling': 0, ...}, {'code': 'CSST', 'name': 'Commission de la santé et de la sécurité du travail', 'rate': 0.0175, 'ceiling': 103000, ...}], 'assurance_annuelle': 3600, ...}">backend/tests/test_ccq_rules.py:35: in test_hypotheses_no_compagnon
    assert "ccq_electricien_compagnon_rate" not in data, "Le champ compagnon devrait être supprimé des hypothèses"
E   AssertionError: Le champ compagnon devrait être supprimé des hypothèses
E   assert 'ccq_electricien_compagnon_rate' not in {'key': 'current', 'year': 2026, 'charges': [{'code': 'RRQ', 'name': 'Régime de rentes du Québec', 'rate': 0.064, 'ceiling': 74600, ...}, {'code': 'AE', 'name': 'Assurance emploi', 'rate': 0.0229, 'ceiling': 68900, ...}, {'code': 'RQAP', 'name': "Régime québécois d'assurance parentale", 'rate': 0.0069, 'ceiling': 103000, ...}, {'code': 'FSS', 'name': 'Fonds des services de santé', 'rate': 0.0459, 'ceiling': 0, ...}, {'code': 'CSST', 'name': 'Commission de la santé et de la sécurité du travail', 'rate': 0.0175, 'ceiling': 103000, ...}], 'assurance_annuelle': 3600, ...}</failure></testcase><testcase classname="tests.test_ccq_rules" name="test_budget_no_compagnon_key" time="0.054" /><testcase classname="tests.test_ccq_rules" name="test_prime_garde_dynamique" time="0.049" /><testcase classname="tests.test_ccq_rules" name="test_ccq_employee_prime_amounts" time="0.048" /><testcase classname="tests.test_ccq_rules" name="test_hypotheses_update_persists" time="0.094"><failure message="assert 'ccq_electricien_compagnon_rate' not in {'key': 'current', 'year': 2026, 'charges': [{'code': 'RRQ', 'name': 'Régime de rentes du Québec', 'rate': 0.064, 'ceiling': 74600, ...}, {'code': 'AE', 'name': 'Assurance emploi', 'rate': 0.0229, 'ceiling': 68900, ...}, {'code': 'RQAP', 'name': &quot;Régime québécois d'assurance parentale&quot;, 'rate': 0.0069, 'ceiling': 103000, ...}, {'code': 'FSS', 'name': 'Fonds des services de santé', 'rate': 0.0459, 'ceiling': 0, ...}, {'code': 'CSST', 'name': 'Commission de la santé et de la sécurité du travail', 'rate': 0.0175, 'ceiling': 103000, ...}], 'assurance_annuelle': 3600, ...}">backend/tests/test_ccq_rules.py:92: in test_hypotheses_update_persists
    assert "ccq_electricien_compagnon_rate" not in d
E   assert 'ccq_electricien_compagnon_rate' not in {'key': 'current', 'year': 2026, 'charges': [{'code': 'RRQ', 'name': 'Régime de rentes du Québec', 'rate': 0.064, 'ceiling': 74600, ...}, {'code': 'AE', 'name': 'Assurance emploi', 'rate': 0.0229, 'ceiling': 68900, ...}, {'code': 'RQAP', 'name': "Régime québécois d'assurance parentale", 'rate': 0.0069, 'ceiling': 103000, ...}, {'code': 'FSS', 'name': 'Fonds des services de santé', 'rate': 0.0459, 'ceiling': 0, ...}, {'code': 'CSST', 'name': 'Commission de la santé et de la sécurité du travail', 'rate': 0.0175, 'ceiling': 103000, ...}], 'assurance_annuelle': 3600, ...}</failure></testcase></testsuite></testsuites>