<?xml version="1.0" encoding="utf-8"?><testsuites name="pytest tests"><testsuite name="pytest" errors="0" failures="0" skipped="0" tests="6" time="2.095" timestamp="2026-07-10T15:13:03.695376+00:00" hostname="agent-env-f176ff3a-4c15-48e3-bd8d-6ccded8e2b41"><testcase classname="tests.test_budget_fiche" name="test_create_employee_with_aucune_prime" time="0.438" /><testcase classname="tests.test_budget_fiche" name="test_budget_preview_reflects_override_without_persisting" time="0.177" /><testcase classname="tests.test_budget_fiche" name="test_budget_override_persist_and_clear" time="0.295" /><testcase classname="tests.test_budget_fiche" name="test_ccq_override_ignored_for_regulier_only_fields" time="0.233" /><testcase classname="tests.test_budget_fiche" name="test_days_are_informational_only" time="0.296" /><testcase classname="tests.test_budget_fiche" name="test_budget_override_404_on_bad_id" time="0.175" /></testsuite></testsuites>