<?xml version="1.0" encoding="utf-8"?><testsuites name="pytest tests"><testsuite name="pytest" errors="0" failures="1" skipped="0" tests="10" time="7.570" timestamp="2026-08-10T16:19:39.887245+00:00" hostname="agent-env-f176ff3a-4c15-48e3-bd8d-6ccded8e2b41"><testcase classname="tests.test_qc9434_phase6" name="test_opening_get" time="0.557" /><testcase classname="tests.test_qc9434_phase6" name="test_opening_put_unbalanced_rejected" time="0.102" /><testcase classname="tests.test_qc9434_phase6" name="test_opening_put_balanced_then_persist" time="0.160" /><testcase classname="tests.test_qc9434_phase6" name="test_seed_opening_regenerate" time="0.056" /><testcase classname="tests.test_qc9434_phase6" name="test_multiline_invoice" time="0.056" /><testcase classname="tests.test_qc9434_phase6" name="test_multiline_invoice_entry_lines" time="0.051" /><testcase classname="tests.test_qc9434_phase6" name="test_multiline_bill" time="0.052" /><testcase classname="tests.test_qc9434_phase6" name="test_multiline_bill_entry_lines" time="0.046" /><testcase classname="tests.test_qc9434_phase6" name="test_bill_extract_ai_smoke" time="6.354"><failure message="AttributeError: 'str' object has no attribute 'get'">backend/tests/test_qc9434_phase6.py:208: in test_bill_extract_ai_smoke
    charge_gls = {a["gl"] for a in r_acc.json() if a.get("type") == "charge"}
                 ^^^^^^^^^^^^^^^^^^^^^^^^^^^^^^^^^^^^^^^^^^^^^^^^^^^^^^^^^^^^
backend/tests/test_qc9434_phase6.py:208: in &lt;setcomp&gt;
    charge_gls = {a["gl"] for a in r_acc.json() if a.get("type") == "charge"}
                                                   ^^^^^
E   AttributeError: 'str' object has no attribute 'get'</failure></testcase><testcase classname="tests.test_qc9434_phase6" name="test_zzz_final_seed_opening" time="0.059" /></testsuite></testsuites>