<?xml version="1.0" encoding="utf-8"?><testsuites name="pytest tests"><testsuite name="pytest" errors="0" failures="1" skipped="0" tests="21" time="2.774" timestamp="2026-07-31T09:27:41.545436+00:00" hostname="agent-env-f176ff3a-4c15-48e3-bd8d-6ccded8e2b41"><testcase classname="tests.test_qc9434" name="test_create_first_year_admin" time="0.594" /><testcase classname="tests.test_qc9434" name="test_create_year_editor_forbidden" time="0.371" /><testcase classname="tests.test_qc9434" name="test_cannot_create_new_year_if_previous_unlocked" time="0.044" /><testcase classname="tests.test_qc9434" name="test_create_entry_unbalanced_400" time="0.049" /><testcase classname="tests.test_qc9434" name="test_create_entry_balanced_ok" time="0.052" /><testcase classname="tests.test_qc9434" name="test_list_entries" time="0.045" /><testcase classname="tests.test_qc9434" name="test_update_entry" time="0.049" /><testcase classname="tests.test_qc9434" name="test_trial_balance_computed" time="0.353" /><testcase classname="tests.test_qc9434" name="test_trial_balance_excel" time="0.050" /><testcase classname="tests.test_qc9434" name="test_lock_year_editor_forbidden" time="0.047" /><testcase classname="tests.test_qc9434" name="test_lock_year_admin" time="0.045" /><testcase classname="tests.test_qc9434" name="test_create_entry_on_locked_year_403" time="0.049" /><testcase classname="tests.test_qc9434" name="test_update_entry_locked_year_403" time="0.051" /><testcase classname="tests.test_qc9434" name="test_delete_entry_locked_year_403" time="0.048" /><testcase classname="tests.test_qc9434" name="test_create_next_year_after_lock" time="0.043" /><testcase classname="tests.test_qc9434" name="test_contact_editor_forbidden" time="0.047" /><testcase classname="tests.test_qc9434" name="test_contact_crud_admin" time="0.258" /><testcase classname="tests.test_qc9434" name="test_external_catalog" time="0.041" /><testcase classname="tests.test_qc9434" name="test_external_report_xlsx" time="0.045" /><testcase classname="tests.test_qc9434" name="test_acct_periods_untouched" time="0.043" /><testcase classname="tests.test_qc9434" name="test_acct_bilan_2026_06_untouched" time="0.377"><failure message="AssertionError: {&quot;detail&quot;:[{&quot;type&quot;:&quot;missing&quot;,&quot;loc&quot;:[&quot;query&quot;,&quot;year&quot;],&quot;msg&quot;:&quot;Field required&quot;,&quot;input&quot;:null,&quot;url&quot;:&quot;https://errors.pydantic.dev/2.13/v/missing&quot;},{&quot;type&quot;:&quot;missing&quot;,&quot;loc&quot;:[&quot;query&quot;,&quot;month&quot;],&quot;msg&quot;:&quot;Field required&quot;,&quot;input&quot;:null,&quot;url&quot;:&quot;https://errors.pydantic.dev/2.13/v/missing&quot;}]}&#10;assert 422 in (200, 404)&#10; +  where 422 = &lt;Response [422]&gt;.status_code">backend/tests/test_qc9434.py:241: in test_acct_bilan_2026_06_untouched
    assert r.status_code in (200, 404), r.text
E   AssertionError: {"detail":[{"type":"missing","loc":["query","year"],"msg":"Field required","input":null,"url":"https://errors.pydantic.dev/2.13/v/missing"},{"type":"missing","loc":["query","month"],"msg":"Field required","input":null,"url":"https://errors.pydantic.dev/2.13/v/missing"}]}
E   assert 422 in (200, 404)
E    +  where 422 = &lt;Response [422]&gt;.status_code</failure></testcase></testsuite></testsuites>