<?xml version="1.0" encoding="utf-8"?><testsuites name="pytest tests"><testsuite name="pytest" errors="0" failures="0" skipped="0" tests="16" time="1.913" timestamp="2026-07-31T12:47:03.454440+00:00" hostname="agent-env-f176ff3a-4c15-48e3-bd8d-6ccded8e2b41"><testcase classname="tests.test_qc9434_phase4" name="test_create_invoice_with_email_and_pastdue" time="0.485" /><testcase classname="tests.test_qc9434_phase4" name="test_partial_receive_sets_partial_status" time="0.090" /><testcase classname="tests.test_qc9434_phase4" name="test_second_receive_completes_invoice" time="0.132" /><testcase classname="tests.test_qc9434_phase4" name="test_receive_on_paid_invoice_rejected" time="0.040" /><testcase classname="tests.test_qc9434_phase4" name="test_email_invoice_no_email_returns_clear_error" time="0.127" /><testcase classname="tests.test_qc9434_phase4" name="test_create_bill_pastdue" time="0.101" /><testcase classname="tests.test_qc9434_phase4" name="test_partial_pay_sets_partial" time="0.086" /><testcase classname="tests.test_qc9434_phase4" name="test_complete_pay_bill" time="0.124" /><testcase classname="tests.test_qc9434_phase4" name="test_pay_invalid_amount" time="0.166" /><testcase classname="tests.test_qc9434_phase4" name="test_etats_financiers_json_structure" time="0.043" /><testcase classname="tests.test_qc9434_phase4" name="test_ef_pdf_endpoint" time="0.058" /><testcase classname="tests.test_qc9434_phase4" name="test_ef_excel_endpoint" time="0.052" /><testcase classname="tests.test_qc9434_phase4" name="test_account_detail_movement" time="0.042" /><testcase classname="tests.test_qc9434_phase4" name="test_account_detail_cumulative" time="0.044" /><testcase classname="tests.test_qc9434_phase4" name="test_isolation_main_app" time="0.119" /><testcase classname="tests.test_qc9434_phase4" name="test_cleanup_test_invoices_bills" time="0.129" /></testsuite></testsuites>