<?xml version="1.0" encoding="utf-8"?><testsuites name="pytest tests"><testsuite name="pytest" errors="0" failures="0" skipped="0" tests="25" time="3.141" timestamp="2026-07-31T11:59:58.526343+00:00" hostname="agent-env-f176ff3a-4c15-48e3-bd8d-6ccded8e2b41"><testcase classname="tests.test_qc9434_phase3" name="test_years_seeded" time="0.458" /><testcase classname="tests.test_qc9434_phase3" name="test_import_model_blocked_when_data" time="0.043" /><testcase classname="tests.test_qc9434_phase3" name="test_pnl_2026_matches_model" time="0.042" /><testcase classname="tests.test_qc9434_phase3" name="test_bilan_2026_balanced" time="0.048" /><testcase classname="tests.test_qc9434_phase3" name="test_entries_sequential_num" time="0.043" /><testcase classname="tests.test_qc9434_phase3" name="test_2025_closing_entry_present" time="0.043" /><testcase classname="tests.test_qc9434_phase3" name="test_reports_exclude_closing_2025" time="0.042" /><testcase classname="tests.test_qc9434_phase3" name="test_create_invoice_2026" time="0.049" /><testcase classname="tests.test_qc9434_phase3" name="test_invoice_entry_balanced" time="0.045" /><testcase classname="tests.test_qc9434_phase3" name="test_invoice_pdf" time="0.068" /><testcase classname="tests.test_qc9434_phase3" name="test_invoice_sequential_numbering_second" time="0.094" /><testcase classname="tests.test_qc9434_phase3" name="test_receive_invoice" time="0.127" /><testcase classname="tests.test_qc9434_phase3" name="test_create_bill_multipart" time="0.469" /><testcase classname="tests.test_qc9434_phase3" name="test_bill_entry_balanced" time="0.042" /><testcase classname="tests.test_qc9434_phase3" name="test_bill_file_endpoint" time="0.428" /><testcase classname="tests.test_qc9434_phase3" name="test_pay_bill" time="0.303" /><testcase classname="tests.test_qc9434_phase3" name="test_locked_year_refuses_invoice" time="0.043" /><testcase classname="tests.test_qc9434_phase3" name="test_locked_year_refuses_bill" time="0.095" /><testcase classname="tests.test_qc9434_phase3" name="test_bilan_still_balanced_after_ops" time="0.045" /><testcase classname="tests.test_qc9434_phase3" name="test_bilan_pdf" time="0.054" /><testcase classname="tests.test_qc9434_phase3" name="test_pnl_pdf" time="0.053" /><testcase classname="tests.test_qc9434_phase3" name="test_external_catalog_has_5" time="0.051" /><testcase classname="tests.test_qc9434_phase3" name="test_external_report_bilan_pdf" time="0.054" /><testcase classname="tests.test_qc9434_phase3" name="test_external_report_pnl_pdf" time="0.050" /><testcase classname="tests.test_qc9434_phase3" name="test_lock_unlock_creates_and_deletes_closing" time="0.262" /></testsuite></testsuites>