<?xml version="1.0" encoding="utf-8"?><testsuites name="pytest tests"><testsuite name="pytest" errors="0" failures="0" skipped="0" tests="12" time="2.987" timestamp="2026-07-31T13:19:35.715803+00:00" hostname="agent-env-f176ff3a-4c15-48e3-bd8d-6ccded8e2b41"><testcase classname="tests.test_qc9434_phase5" name="test_ef_json_has_cashflow_and_reconciled" time="0.501" /><testcase classname="tests.test_qc9434_phase5" name="test_ef_pdf_ok" time="0.066" /><testcase classname="tests.test_qc9434_phase5" name="test_ef_excel_ok" time="0.310" /><testcase classname="tests.test_qc9434_phase5" name="test_create_invoice_and_partial_receive" time="0.099" /><testcase classname="tests.test_qc9434_phase5" name="test_invoice_payment_history_single" time="0.527" /><testcase classname="tests.test_qc9434_phase5" name="test_invoice_payment_history_after_final" time="0.098" /><testcase classname="tests.test_qc9434_phase5" name="test_invoice_payments_404" time="0.046" /><testcase classname="tests.test_qc9434_phase5" name="test_create_bill_and_partial_pay" time="0.726" /><testcase classname="tests.test_qc9434_phase5" name="test_bill_payment_history" time="0.048" /><testcase classname="tests.test_qc9434_phase5" name="test_bill_payments_404" time="0.044" /><testcase classname="tests.test_qc9434_phase5" name="test_send_reminders_no_resend_returns_400" time="0.052" /><testcase classname="tests.test_qc9434_phase5" name="test_isolation_main_app" time="0.125" /></testsuite></testsuites>