<?xml version="1.0" encoding="utf-8"?><testsuites name="pytest tests"><testsuite name="pytest" errors="0" failures="0" skipped="0" tests="16" time="3.188" timestamp="2026-07-31T11:19:54.611695+00:00" hostname="agent-env-f176ff3a-4c15-48e3-bd8d-6ccded8e2b41"><testcase classname="tests.test_qc9434_phase2" name="test_accounts_seed_23" time="0.984" /><testcase classname="tests.test_qc9434_phase2" name="test_account_crud_and_delete_block" time="0.186" /><testcase classname="tests.test_qc9434_phase2" name="test_account_role_gating" time="0.455" /><testcase classname="tests.test_qc9434_phase2" name="test_tiers_persisted" time="0.355" /><testcase classname="tests.test_qc9434_phase2" name="test_bilan_structure_and_balance" time="0.044" /><testcase classname="tests.test_qc9434_phase2" name="test_bilan_diff_zero" time="0.044" /><testcase classname="tests.test_qc9434_phase2" name="test_pnl_structure_and_quote_part" time="0.046" /><testcase classname="tests.test_qc9434_phase2" name="test_bilan_bnr_equals_net" time="0.087" /><testcase classname="tests.test_qc9434_phase2" name="test_bilan_excel" time="0.056" /><testcase classname="tests.test_qc9434_phase2" name="test_pnl_excel" time="0.051" /><testcase classname="tests.test_qc9434_phase2" name="test_journal_pdf" time="0.053" /><testcase classname="tests.test_qc9434_phase2" name="test_templates_crud" time="0.134" /><testcase classname="tests.test_qc9434_phase2" name="test_external_catalog_has_3" time="0.042" /><testcase classname="tests.test_qc9434_phase2" name="test_external_report_bilan_xlsx" time="0.048" /><testcase classname="tests.test_qc9434_phase2" name="test_external_report_pnl_xlsx" time="0.056" /><testcase classname="tests.test_qc9434_phase2" name="test_delete_account_used_blocked" time="0.463" /></testsuite></testsuites>