<?xml version="1.0" encoding="utf-8"?><testsuites name="pytest tests"><testsuite name="pytest" errors="0" failures="0" skipped="0" tests="5" time="3.480" timestamp="2026-07-30T17:04:10.082823+00:00" hostname="agent-env-f176ff3a-4c15-48e3-bd8d-6ccded8e2b41"><testcase classname="tests.test_reports_hub_v2" name="test_pnl_monthly_variant_detail_vs_sommaire" time="1.387" /><testcase classname="tests.test_reports_hub_v2" name="test_pnl_monthly_hidezero_client_side_data" time="0.568" /><testcase classname="tests.test_reports_hub_v2" name="test_by_manager_rh_june2026_rev1" time="0.242" /><testcase classname="tests.test_reports_hub_v2" name="test_by_manager_rev_switch" time="0.493" /><testcase classname="tests.test_reports_hub_v2" name="test_by_manager_exports" time="0.475" /></testsuite></testsuites>