<?xml version="1.0" encoding="utf-8"?><testsuites name="pytest tests"><testsuite name="pytest" errors="0" failures="0" skipped="1" tests="4" time="4.887" timestamp="2026-07-30T16:44:21.150228+00:00" hostname="agent-env-f176ff3a-4c15-48e3-bd8d-6ccded8e2b41"><testcase classname="tests.test_reports_hub" name="test_pnl_monthly_2026" time="1.481" /><testcase classname="tests.test_reports_hub" name="test_managers_admin_crud" time="0.461" /><testcase classname="tests.test_reports_hub" name="test_managers_non_admin_forbidden" time="2.428" /><testcase classname="tests.test_reports_hub" name="test_reports_bilan_pnl_flux" time="0.464"><skipped type="pytest.skip" message="Cashflow endpoint path not confirmed here">/app/backend/tests/test_reports_hub.py:153: Cashflow endpoint path not confirmed here</skipped></testcase></testsuite></testsuites>